[min90] hizli tarama basladi
[min90/min90_sentetik_2500_per_class_pima/all_features/logistic_regression] min=0.9589 acc=0.9658 auc=0.9909
[min90/min90_sentetik_2500_per_class_pima/all_features/gaussian_nb] min=0.9550 acc=0.9618 auc=0.9888
[min90/min90_sentetik_2500_per_class_pima/all_features/knn] min=0.9609 acc=0.9677 auc=0.9923
[min90/min90_sentetik_2500_per_class_pima/all_features/svm_rbf] min=0.9589 acc=0.9638 auc=0.9958
[min90/min90_sentetik_2500_per_class_pima/all_features/random_forest] min=0.9609 acc=0.9658 auc=0.9967
[min90/min90_sentetik_2500_per_class_pima/all_features/extra_trees] min=0.9628 acc=0.9677 auc=0.9965
[min90/min90_sentetik_2500_per_class_pima/all_features/gradient_boosting] min=0.9393 acc=0.9618 auc=0.9953
[min90/min90_sentetik_2500_per_class_pima/all_features/hist_gradient_boosting] min=0.9511 acc=0.9628 auc=0.9945
[min90/min90_sentetik_2500_per_class_pima/all_features/adaboost] min=0.9550 acc=0.9667 auc=0.9938
[min90/min90_sentetik_2500_per_class_pima/all_features/mlp] min=0.9569 acc=0.9658 auc=0.9925
[min90/min90_sentetik_2500_per_class_pima/all_features/xgboost] min=0.9648 acc=0.9667 auc=0.9952
[min90/min90_sentetik_2500_per_class_pima/all_features/lightgbm] min=0.9589 acc=0.9667 auc=0.9955
[min90/min90_sentetik_2500_per_class_pima/all_features/soft_voting_rf_et_hgb] min=0.9569 acc=0.9648 auc=0.9965
[min90/min90_sentetik_2500_per_class_pima/all_features/soft_voting_xgb_lgbm_et] min=0.9667 acc=0.9677 auc=0.9962
[min90/min90_sentetik_2500_per_class_pima/no_skinthickness/logistic_regression] min=0.9589 acc=0.9638 auc=0.9909
[min90/min90_sentetik_2500_per_class_pima/no_skinthickness/gaussian_nb] min=0.9530 acc=0.9609 auc=0.9892
[min90/min90_sentetik_2500_per_class_pima/no_skinthickness/knn] min=0.9569 acc=0.9667 auc=0.9927
[min90/min90_sentetik_2500_per_class_pima/no_skinthickness/svm_rbf] min=0.9628 acc=0.9638 auc=0.9955
[min90/min90_sentetik_2500_per_class_pima/no_skinthickness/random_forest] min=0.9589 acc=0.9667 auc=0.9966
[min90/min90_sentetik_2500_per_class_pima/no_skinthickness/extra_trees] min=0.9628 acc=0.9677 auc=0.9966
[min90/min90_sentetik_2500_per_class_pima/no_skinthickness/gradient_boosting] min=0.9393 acc=0.9618 auc=0.9956
[min90/min90_sentetik_2500_per_class_pima/no_skinthickness/hist_gradient_boosting] min=0.9589 acc=0.9609 auc=0.9941
[min90/min90_sentetik_2500_per_class_pima/no_skinthickness/adaboost] min=0.9452 acc=0.9618 auc=0.9941
[min90/min90_sentetik_2500_per_class_pima/no_skinthickness/mlp] min=0.9550 acc=0.9589 auc=0.9905
[min90/min90_sentetik_2500_per_class_pima/no_skinthickness/xgboost] min=0.9569 acc=0.9658 auc=0.9950
[min90/min90_sentetik_2500_per_class_pima/no_skinthickness/lightgbm] min=0.9628 acc=0.9638 auc=0.9957
[min90/min90_sentetik_2500_per_class_pima/no_skinthickness/soft_voting_rf_et_hgb] min=0.9609 acc=0.9638 auc=0.9965
[min90/min90_sentetik_2500_per_class_pima/no_skinthickness/soft_voting_xgb_lgbm_et] min=0.9530 acc=0.9648 auc=0.9963
[min90/min90_sentetik_2500_per_class_pima/no_insulin/logistic_regression] min=0.9589 acc=0.9658 auc=0.9909
[min90/min90_sentetik_2500_per_class_pima/no_insulin/gaussian_nb] min=0.9550 acc=0.9618 auc=0.9900
[min90/min90_sentetik_2500_per_class_pima/no_insulin/knn] min=0.9589 acc=0.9658 auc=0.9897
[min90/min90_sentetik_2500_per_class_pima/no_insulin/svm_rbf] min=0.9550 acc=0.9638 auc=0.9951
[min90/min90_sentetik_2500_per_class_pima/no_insulin/random_forest] min=0.9628 acc=0.9658 auc=0.9960
[min90/min90_sentetik_2500_per_class_pima/no_insulin/extra_trees] min=0.9609 acc=0.9628 auc=0.9960
[min90/min90_sentetik_2500_per_class_pima/no_insulin/gradient_boosting] min=0.9550 acc=0.9628 auc=0.9944
[min90/min90_sentetik_2500_per_class_pima/no_insulin/hist_gradient_boosting] min=0.9511 acc=0.9638 auc=0.9933
[min90/min90_sentetik_2500_per_class_pima/no_insulin/adaboost] min=0.9530 acc=0.9648 auc=0.9928
[min90/min90_sentetik_2500_per_class_pima/no_insulin/mlp] min=0.9491 acc=0.9628 auc=0.9908
[min90/min90_sentetik_2500_per_class_pima/no_insulin/xgboost] min=0.9609 acc=0.9667 auc=0.9933
[min90/min90_sentetik_2500_per_class_pima/no_insulin/lightgbm] min=0.9628 acc=0.9658 auc=0.9943
[min90/min90_sentetik_2500_per_class_pima/no_insulin/soft_voting_rf_et_hgb] min=0.9628 acc=0.9658 auc=0.9960
[min90/min90_sentetik_2500_per_class_pima/no_insulin/soft_voting_xgb_lgbm_et] min=0.9628 acc=0.9667 auc=0.9958
[min90/min90_sentetik_2500_per_class_pima/no_skinthickness_no_insulin/logistic_regression] min=0.9589 acc=0.9638 auc=0.9909
[min90/min90_sentetik_2500_per_class_pima/no_skinthickness_no_insulin/gaussian_nb] min=0.9609 acc=0.9628 auc=0.9908
[min90/min90_sentetik_2500_per_class_pima/no_skinthickness_no_insulin/knn] min=0.9530 acc=0.9677 auc=0.9915
[min90/min90_sentetik_2500_per_class_pima/no_skinthickness_no_insulin/svm_rbf] min=0.9609 acc=0.9618 auc=0.9951
[min90/min90_sentetik_2500_per_class_pima/no_skinthickness_no_insulin/random_forest] min=0.9569 acc=0.9638 auc=0.9959
[min90/min90_sentetik_2500_per_class_pima/no_skinthickness_no_insulin/extra_trees] min=0.9609 acc=0.9658 auc=0.9959
[min90/min90_sentetik_2500_per_class_pima/no_skinthickness_no_insulin/gradient_boosting] min=0.9511 acc=0.9618 auc=0.9938
[min90/min90_sentetik_2500_per_class_pima/no_skinthickness_no_insulin/hist_gradient_boosting] min=0.9569 acc=0.9618 auc=0.9924
[min90/min90_sentetik_2500_per_class_pima/no_skinthickness_no_insulin/adaboost] min=0.9589 acc=0.9648 auc=0.9926
[min90/min90_sentetik_2500_per_class_pima/no_skinthickness_no_insulin/mlp] min=0.9609 acc=0.9628 auc=0.9929
[min90/min90_sentetik_2500_per_class_pima/no_skinthickness_no_insulin/xgboost] min=0.9589 acc=0.9648 auc=0.9931
[min90/min90_sentetik_2500_per_class_pima/no_skinthickness_no_insulin/lightgbm] min=0.9609 acc=0.9638 auc=0.9940
[min90/min90_sentetik_2500_per_class_pima/no_skinthickness_no_insulin/soft_voting_rf_et_hgb] min=0.9569 acc=0.9618 auc=0.9959
[min90/min90_sentetik_2500_per_class_pima/no_skinthickness_no_insulin/soft_voting_xgb_lgbm_et] min=0.9589 acc=0.9638 auc=0.9954
[min90/min90_sentetik_2500_per_class_pima/clinical_interactions/logistic_regression] min=0.9609 acc=0.9648 auc=0.9913
[min90/min90_sentetik_2500_per_class_pima/clinical_interactions/gaussian_nb] min=0.9530 acc=0.9618 auc=0.9864
[min90/min90_sentetik_2500_per_class_pima/clinical_interactions/knn] min=0.9550 acc=0.9687 auc=0.9920
[min90/min90_sentetik_2500_per_class_pima/clinical_interactions/svm_rbf] min=0.9589 acc=0.9697 auc=0.9950
[min90/min90_sentetik_2500_per_class_pima/clinical_interactions/random_forest] min=0.9569 acc=0.9667 auc=0.9963
[min90/min90_sentetik_2500_per_class_pima/clinical_interactions/extra_trees] min=0.9589 acc=0.9658 auc=0.9964
[min90/min90_sentetik_2500_per_class_pima/clinical_interactions/gradient_boosting] min=0.9609 acc=0.9648 auc=0.9955
[min90/min90_sentetik_2500_per_class_pima/clinical_interactions/hist_gradient_boosting] min=0.9550 acc=0.9599 auc=0.9938
[min90/min90_sentetik_2500_per_class_pima/clinical_interactions/adaboost] min=0.9550 acc=0.9628 auc=0.9935
[min90/min90_sentetik_2500_per_class_pima/clinical_interactions/mlp] min=0.9648 acc=0.9658 auc=0.9904
[min90/min90_sentetik_2500_per_class_pima/clinical_interactions/xgboost] min=0.9569 acc=0.9618 auc=0.9954
[min90/min90_sentetik_2500_per_class_pima/clinical_interactions/lightgbm] min=0.9589 acc=0.9618 auc=0.9953
[min90/min90_sentetik_2500_per_class_pima/clinical_interactions/soft_voting_rf_et_hgb] min=0.9569 acc=0.9599 auc=0.9963
[min90/min90_sentetik_2500_per_class_pima/clinical_interactions/soft_voting_xgb_lgbm_et] min=0.9589 acc=0.9609 auc=0.9961
[min90/min90_sentetik_2500_per_class_pima/no_skinthickness_clinical_interactions/logistic_regression] min=0.9609 acc=0.9648 auc=0.9912
[min90/min90_sentetik_2500_per_class_pima/no_skinthickness_clinical_interactions/gaussian_nb] min=0.9530 acc=0.9618 auc=0.9874
[min90/min90_sentetik_2500_per_class_pima/no_skinthickness_clinical_interactions/knn] min=0.9589 acc=0.9667 auc=0.9918
[min90/min90_sentetik_2500_per_class_pima/no_skinthickness_clinical_interactions/svm_rbf] min=0.9609 acc=0.9697 auc=0.9942
[min90/min90_sentetik_2500_per_class_pima/no_skinthickness_clinical_interactions/random_forest] min=0.9589 acc=0.9618 auc=0.9962
[min90/min90_sentetik_2500_per_class_pima/no_skinthickness_clinical_interactions/extra_trees] min=0.9589 acc=0.9648 auc=0.9964
[min90/min90_sentetik_2500_per_class_pima/no_skinthickness_clinical_interactions/gradient_boosting] min=0.9609 acc=0.9618 auc=0.9949
[min90/min90_sentetik_2500_per_class_pima/no_skinthickness_clinical_interactions/hist_gradient_boosting] min=0.9569 acc=0.9589 auc=0.9941
[min90/min90_sentetik_2500_per_class_pima/no_skinthickness_clinical_interactions/adaboost] min=0.9589 acc=0.9648 auc=0.9932
[min90/min90_sentetik_2500_per_class_pima/no_skinthickness_clinical_interactions/mlp] min=0.9550 acc=0.9648 auc=0.9888
[min90/min90_sentetik_2500_per_class_pima/no_skinthickness_clinical_interactions/xgboost] min=0.9569 acc=0.9618 auc=0.9952
[min90/min90_sentetik_2500_per_class_pima/no_skinthickness_clinical_interactions/lightgbm] min=0.9530 acc=0.9658 auc=0.9952
[min90/min90_sentetik_2500_per_class_pima/no_skinthickness_clinical_interactions/soft_voting_rf_et_hgb] min=0.9569 acc=0.9628 auc=0.9962
[min90/min90_sentetik_2500_per_class_pima/no_skinthickness_clinical_interactions/soft_voting_xgb_lgbm_et] min=0.9589 acc=0.9599 auc=0.9960
[min90/min90_sentetik_2500_per_class_pima/compact_best_features/logistic_regression] min=0.9609 acc=0.9658 auc=0.9913
[min90/min90_sentetik_2500_per_class_pima/compact_best_features/gaussian_nb] min=0.9609 acc=0.9648 auc=0.9899
[min90/min90_sentetik_2500_per_class_pima/compact_best_features/knn] min=0.9589 acc=0.9638 auc=0.9876
[min90/min90_sentetik_2500_per_class_pima/compact_best_features/svm_rbf] min=0.9609 acc=0.9648 auc=0.9938
[min90/min90_sentetik_2500_per_class_pima/compact_best_features/random_forest] min=0.9628 acc=0.9648 auc=0.9950
[min90/min90_sentetik_2500_per_class_pima/compact_best_features/extra_trees] min=0.9589 acc=0.9628 auc=0.9933
[min90/min90_sentetik_2500_per_class_pima/compact_best_features/gradient_boosting] min=0.9569 acc=0.9667 auc=0.9928
[min90/min90_sentetik_2500_per_class_pima/compact_best_features/hist_gradient_boosting] min=0.9491 acc=0.9609 auc=0.9920
[min90/min90_sentetik_2500_per_class_pima/compact_best_features/adaboost] min=0.9589 acc=0.9648 auc=0.9932
[min90/min90_sentetik_2500_per_class_pima/compact_best_features/mlp] min=0.9589 acc=0.9648 auc=0.9934
[min90/min90_sentetik_2500_per_class_pima/compact_best_features/xgboost] min=0.9511 acc=0.9628 auc=0.9932
[min90/min90_sentetik_2500_per_class_pima/compact_best_features/lightgbm] min=0.9530 acc=0.9638 auc=0.9932
[min90/min90_sentetik_2500_per_class_pima/compact_best_features/soft_voting_rf_et_hgb] min=0.9530 acc=0.9648 auc=0.9942
[min90/min90_sentetik_2500_per_class_pima/compact_best_features/soft_voting_xgb_lgbm_et] min=0.9589 acc=0.9638 auc=0.9935
[min90/min90_sentetik_2500_per_class_pima/high_signal_features/logistic_regression] min=0.9589 acc=0.9648 auc=0.9909
[min90/min90_sentetik_2500_per_class_pima/high_signal_features/gaussian_nb] min=0.9511 acc=0.9589 auc=0.9911
[min90/min90_sentetik_2500_per_class_pima/high_signal_features/knn] min=0.9648 acc=0.9716 auc=0.9906
[min90/min90_sentetik_2500_per_class_pima/high_signal_features/svm_rbf] min=0.9609 acc=0.9658 auc=0.9961
[min90/min90_sentetik_2500_per_class_pima/high_signal_features/random_forest] min=0.9530 acc=0.9687 auc=0.9960
[min90/min90_sentetik_2500_per_class_pima/high_signal_features/extra_trees] min=0.9628 acc=0.9628 auc=0.9962
[min90/min90_sentetik_2500_per_class_pima/high_signal_features/gradient_boosting] min=0.9609 acc=0.9628 auc=0.9954
[min90/min90_sentetik_2500_per_class_pima/high_signal_features/hist_gradient_boosting] min=0.9511 acc=0.9589 auc=0.9939
[min90/min90_sentetik_2500_per_class_pima/high_signal_features/adaboost] min=0.9550 acc=0.9628 auc=0.9938
[min90/min90_sentetik_2500_per_class_pima/high_signal_features/mlp] min=0.9569 acc=0.9609 auc=0.9882
[min90/min90_sentetik_2500_per_class_pima/high_signal_features/xgboost] min=0.9491 acc=0.9628 auc=0.9953
[min90/min90_sentetik_2500_per_class_pima/high_signal_features/lightgbm] min=0.9491 acc=0.9618 auc=0.9948
[min90/min90_sentetik_2500_per_class_pima/high_signal_features/soft_voting_rf_et_hgb] min=0.9589 acc=0.9628 auc=0.9962
[min90/min90_sentetik_2500_per_class_pima/high_signal_features/soft_voting_xgb_lgbm_et] min=0.9569 acc=0.9618 auc=0.9961
[min90/min90_sentetik_2700_per_class_pima/all_features/logistic_regression] min=0.9729 acc=0.9747 auc=0.9979
[min90/min90_sentetik_2700_per_class_pima/all_features/gaussian_nb] min=0.9747 acc=0.9765 auc=0.9965
[min90/min90_sentetik_2700_per_class_pima/all_features/knn] min=0.9638 acc=0.9756 auc=0.9905
[min90/min90_sentetik_2700_per_class_pima/all_features/svm_rbf] min=0.9675 acc=0.9738 auc=0.9984
[min90/min90_sentetik_2700_per_class_pima/all_features/random_forest] min=0.9675 acc=0.9765 auc=0.9979
[min90/min90_sentetik_2700_per_class_pima/all_features/extra_trees] min=0.9656 acc=0.9756 auc=0.9982
[min90/min90_sentetik_2700_per_class_pima/all_features/gradient_boosting] min=0.9693 acc=0.9720 auc=0.9973
[min90/min90_sentetik_2700_per_class_pima/all_features/hist_gradient_boosting] min=0.9747 acc=0.9783 auc=0.9975
[min90/min90_sentetik_2700_per_class_pima/all_features/adaboost] min=0.9747 acc=0.9756 auc=0.9976
[min90/min90_sentetik_2700_per_class_pima/all_features/mlp] min=0.9675 acc=0.9747 auc=0.9951
[min90/min90_sentetik_2700_per_class_pima/all_features/xgboost] min=0.9729 acc=0.9738 auc=0.9972
[min90/min90_sentetik_2700_per_class_pima/all_features/lightgbm] min=0.9765 acc=0.9765 auc=0.9972
[min90/min90_sentetik_2700_per_class_pima/all_features/soft_voting_rf_et_hgb] min=0.9729 acc=0.9756 auc=0.9980
[min90/min90_sentetik_2700_per_class_pima/all_features/soft_voting_xgb_lgbm_et] min=0.9675 acc=0.9747 auc=0.9978
[min90/min90_sentetik_2700_per_class_pima/no_skinthickness/logistic_regression] min=0.9711 acc=0.9774 auc=0.9981
[min90/min90_sentetik_2700_per_class_pima/no_skinthickness/gaussian_nb] min=0.9656 acc=0.9711 auc=0.9964
[min90/min90_sentetik_2700_per_class_pima/no_skinthickness/knn] min=0.9638 acc=0.9747 auc=0.9922
[min90/min90_sentetik_2700_per_class_pima/no_skinthickness/svm_rbf] min=0.9656 acc=0.9738 auc=0.9984
[min90/min90_sentetik_2700_per_class_pima/no_skinthickness/random_forest] min=0.9693 acc=0.9774 auc=0.9980
[min90/min90_sentetik_2700_per_class_pima/no_skinthickness/extra_trees] min=0.9729 acc=0.9765 auc=0.9982
[min90/min90_sentetik_2700_per_class_pima/no_skinthickness/gradient_boosting] min=0.9675 acc=0.9729 auc=0.9963
[min90/min90_sentetik_2700_per_class_pima/no_skinthickness/hist_gradient_boosting] min=0.9729 acc=0.9729 auc=0.9971
[min90/min90_sentetik_2700_per_class_pima/no_skinthickness/adaboost] min=0.9711 acc=0.9711 auc=0.9976
[min90/min90_sentetik_2700_per_class_pima/no_skinthickness/mlp] min=0.9566 acc=0.9702 auc=0.9947
[min90/min90_sentetik_2700_per_class_pima/no_skinthickness/xgboost] min=0.9711 acc=0.9747 auc=0.9972
[min90/min90_sentetik_2700_per_class_pima/no_skinthickness/lightgbm] min=0.9729 acc=0.9747 auc=0.9973
[min90/min90_sentetik_2700_per_class_pima/no_skinthickness/soft_voting_rf_et_hgb] min=0.9729 acc=0.9765 auc=0.9980
[min90/min90_sentetik_2700_per_class_pima/no_skinthickness/soft_voting_xgb_lgbm_et] min=0.9729 acc=0.9756 auc=0.9978
[min90/min90_sentetik_2700_per_class_pima/no_insulin/logistic_regression] min=0.9711 acc=0.9765 auc=0.9980
[min90/min90_sentetik_2700_per_class_pima/no_insulin/gaussian_nb] min=0.9711 acc=0.9729 auc=0.9976
[min90/min90_sentetik_2700_per_class_pima/no_insulin/knn] min=0.9693 acc=0.9747 auc=0.9912
[min90/min90_sentetik_2700_per_class_pima/no_insulin/svm_rbf] min=0.9693 acc=0.9738 auc=0.9981
[min90/min90_sentetik_2700_per_class_pima/no_insulin/random_forest] min=0.9711 acc=0.9783 auc=0.9978
[min90/min90_sentetik_2700_per_class_pima/no_insulin/extra_trees] min=0.9747 acc=0.9756 auc=0.9977
[min90/min90_sentetik_2700_per_class_pima/no_insulin/gradient_boosting] min=0.9656 acc=0.9747 auc=0.9976
[min90/min90_sentetik_2700_per_class_pima/no_insulin/hist_gradient_boosting] min=0.9711 acc=0.9738 auc=0.9969
[min90/min90_sentetik_2700_per_class_pima/no_insulin/adaboost] min=0.9711 acc=0.9738 auc=0.9974
[min90/min90_sentetik_2700_per_class_pima/no_insulin/mlp] min=0.9512 acc=0.9647 auc=0.9956
[min90/min90_sentetik_2700_per_class_pima/no_insulin/xgboost] min=0.9747 acc=0.9747 auc=0.9976
[min90/min90_sentetik_2700_per_class_pima/no_insulin/lightgbm] min=0.9729 acc=0.9738 auc=0.9972
[min90/min90_sentetik_2700_per_class_pima/no_insulin/soft_voting_rf_et_hgb] min=0.9747 acc=0.9783 auc=0.9977
[min90/min90_sentetik_2700_per_class_pima/no_insulin/soft_voting_xgb_lgbm_et] min=0.9729 acc=0.9729 auc=0.9976
[min90/min90_sentetik_2700_per_class_pima/no_skinthickness_no_insulin/logistic_regression] min=0.9711 acc=0.9765 auc=0.9982
[min90/min90_sentetik_2700_per_class_pima/no_skinthickness_no_insulin/gaussian_nb] min=0.9729 acc=0.9738 auc=0.9978
[min90/min90_sentetik_2700_per_class_pima/no_skinthickness_no_insulin/knn] min=0.9656 acc=0.9756 auc=0.9888
[min90/min90_sentetik_2700_per_class_pima/no_skinthickness_no_insulin/svm_rbf] min=0.9693 acc=0.9729 auc=0.9982
[min90/min90_sentetik_2700_per_class_pima/no_skinthickness_no_insulin/random_forest] min=0.9711 acc=0.9765 auc=0.9979
[min90/min90_sentetik_2700_per_class_pima/no_skinthickness_no_insulin/extra_trees] min=0.9747 acc=0.9756 auc=0.9978
[min90/min90_sentetik_2700_per_class_pima/no_skinthickness_no_insulin/gradient_boosting] min=0.9711 acc=0.9747 auc=0.9976
[min90/min90_sentetik_2700_per_class_pima/no_skinthickness_no_insulin/hist_gradient_boosting] min=0.9765 acc=0.9765 auc=0.9968
[min90/min90_sentetik_2700_per_class_pima/no_skinthickness_no_insulin/adaboost] min=0.9711 acc=0.9747 auc=0.9974
[min90/min90_sentetik_2700_per_class_pima/no_skinthickness_no_insulin/mlp] min=0.9675 acc=0.9675 auc=0.9941
[min90/min90_sentetik_2700_per_class_pima/no_skinthickness_no_insulin/xgboost] min=0.9747 acc=0.9765 auc=0.9973
[min90/min90_sentetik_2700_per_class_pima/no_skinthickness_no_insulin/lightgbm] min=0.9729 acc=0.9783 auc=0.9971
[min90/min90_sentetik_2700_per_class_pima/no_skinthickness_no_insulin/soft_voting_rf_et_hgb] min=0.9747 acc=0.9756 auc=0.9979
[min90/min90_sentetik_2700_per_class_pima/no_skinthickness_no_insulin/soft_voting_xgb_lgbm_et] min=0.9693 acc=0.9765 auc=0.9978
[min90/min90_sentetik_2700_per_class_pima/clinical_interactions/logistic_regression] min=0.9693 acc=0.9756 auc=0.9981
[min90/min90_sentetik_2700_per_class_pima/clinical_interactions/gaussian_nb] min=0.9747 acc=0.9774 auc=0.9949
[min90/min90_sentetik_2700_per_class_pima/clinical_interactions/knn] min=0.9620 acc=0.9729 auc=0.9921
[min90/min90_sentetik_2700_per_class_pima/clinical_interactions/svm_rbf] min=0.9638 acc=0.9765 auc=0.9977
[min90/min90_sentetik_2700_per_class_pima/clinical_interactions/random_forest] min=0.9729 acc=0.9774 auc=0.9981
[min90/min90_sentetik_2700_per_class_pima/clinical_interactions/extra_trees] min=0.9765 acc=0.9774 auc=0.9983
[min90/min90_sentetik_2700_per_class_pima/clinical_interactions/gradient_boosting] min=0.9711 acc=0.9729 auc=0.9970
[min90/min90_sentetik_2700_per_class_pima/clinical_interactions/hist_gradient_boosting] min=0.9711 acc=0.9738 auc=0.9975
[min90/min90_sentetik_2700_per_class_pima/clinical_interactions/adaboost] min=0.9656 acc=0.9738 auc=0.9978
[min90/min90_sentetik_2700_per_class_pima/clinical_interactions/mlp] min=0.9656 acc=0.9665 auc=0.9960
[min90/min90_sentetik_2700_per_class_pima/clinical_interactions/xgboost] min=0.9693 acc=0.9747 auc=0.9978
[min90/min90_sentetik_2700_per_class_pima/clinical_interactions/lightgbm] min=0.9693 acc=0.9756 auc=0.9976
[min90/min90_sentetik_2700_per_class_pima/clinical_interactions/soft_voting_rf_et_hgb] min=0.9747 acc=0.9774 auc=0.9981
[min90/min90_sentetik_2700_per_class_pima/clinical_interactions/soft_voting_xgb_lgbm_et] min=0.9747 acc=0.9774 auc=0.9981
[min90/min90_sentetik_2700_per_class_pima/no_skinthickness_clinical_interactions/logistic_regression] min=0.9693 acc=0.9756 auc=0.9982
[min90/min90_sentetik_2700_per_class_pima/no_skinthickness_clinical_interactions/gaussian_nb] min=0.9747 acc=0.9783 auc=0.9949
[min90/min90_sentetik_2700_per_class_pima/no_skinthickness_clinical_interactions/knn] min=0.9620 acc=0.9747 auc=0.9929
[min90/min90_sentetik_2700_per_class_pima/no_skinthickness_clinical_interactions/svm_rbf] min=0.9620 acc=0.9711 auc=0.9974
[min90/min90_sentetik_2700_per_class_pima/no_skinthickness_clinical_interactions/random_forest] min=0.9729 acc=0.9747 auc=0.9981
[min90/min90_sentetik_2700_per_class_pima/no_skinthickness_clinical_interactions/extra_trees] min=0.9765 acc=0.9765 auc=0.9982
[min90/min90_sentetik_2700_per_class_pima/no_skinthickness_clinical_interactions/gradient_boosting] min=0.9711 acc=0.9711 auc=0.9969
[min90/min90_sentetik_2700_per_class_pima/no_skinthickness_clinical_interactions/hist_gradient_boosting] min=0.9711 acc=0.9756 auc=0.9976
[min90/min90_sentetik_2700_per_class_pima/no_skinthickness_clinical_interactions/adaboost] min=0.9729 acc=0.9738 auc=0.9977
[min90/min90_sentetik_2700_per_class_pima/no_skinthickness_clinical_interactions/mlp] min=0.9620 acc=0.9720 auc=0.9947
[min90/min90_sentetik_2700_per_class_pima/no_skinthickness_clinical_interactions/xgboost] min=0.9747 acc=0.9756 auc=0.9977
[min90/min90_sentetik_2700_per_class_pima/no_skinthickness_clinical_interactions/lightgbm] min=0.9747 acc=0.9774 auc=0.9976
[min90/min90_sentetik_2700_per_class_pima/no_skinthickness_clinical_interactions/soft_voting_rf_et_hgb] min=0.9747 acc=0.9774 auc=0.9981
[min90/min90_sentetik_2700_per_class_pima/no_skinthickness_clinical_interactions/soft_voting_xgb_lgbm_et] min=0.9729 acc=0.9774 auc=0.9981
[min90/min90_sentetik_2700_per_class_pima/compact_best_features/logistic_regression] min=0.9711 acc=0.9756 auc=0.9983
[min90/min90_sentetik_2700_per_class_pima/compact_best_features/gaussian_nb] min=0.9693 acc=0.9765 auc=0.9964
[min90/min90_sentetik_2700_per_class_pima/compact_best_features/knn] min=0.9693 acc=0.9747 auc=0.9931
[min90/min90_sentetik_2700_per_class_pima/compact_best_features/svm_rbf] min=0.9675 acc=0.9711 auc=0.9981
[min90/min90_sentetik_2700_per_class_pima/compact_best_features/random_forest] min=0.9638 acc=0.9720 auc=0.9975
[min90/min90_sentetik_2700_per_class_pima/compact_best_features/extra_trees] min=0.9656 acc=0.9720 auc=0.9973
[min90/min90_sentetik_2700_per_class_pima/compact_best_features/gradient_boosting] min=0.9620 acc=0.9702 auc=0.9971
[min90/min90_sentetik_2700_per_class_pima/compact_best_features/hist_gradient_boosting] min=0.9548 acc=0.9675 auc=0.9963
[min90/min90_sentetik_2700_per_class_pima/compact_best_features/adaboost] min=0.9693 acc=0.9747 auc=0.9978
[min90/min90_sentetik_2700_per_class_pima/compact_best_features/mlp] min=0.9602 acc=0.9693 auc=0.9976
[min90/min90_sentetik_2700_per_class_pima/compact_best_features/xgboost] min=0.9620 acc=0.9729 auc=0.9970
[min90/min90_sentetik_2700_per_class_pima/compact_best_features/lightgbm] min=0.9584 acc=0.9702 auc=0.9966
[min90/min90_sentetik_2700_per_class_pima/compact_best_features/soft_voting_rf_et_hgb] min=0.9620 acc=0.9729 auc=0.9975
[min90/min90_sentetik_2700_per_class_pima/compact_best_features/soft_voting_xgb_lgbm_et] min=0.9566 acc=0.9711 auc=0.9973
[min90/min90_sentetik_2700_per_class_pima/high_signal_features/logistic_regression] min=0.9711 acc=0.9774 auc=0.9982
[min90/min90_sentetik_2700_per_class_pima/high_signal_features/gaussian_nb] min=0.9747 acc=0.9765 auc=0.9973
[min90/min90_sentetik_2700_per_class_pima/high_signal_features/knn] min=0.9638 acc=0.9756 auc=0.9948
[min90/min90_sentetik_2700_per_class_pima/high_signal_features/svm_rbf] min=0.9693 acc=0.9720 auc=0.9984
[min90/min90_sentetik_2700_per_class_pima/high_signal_features/random_forest] min=0.9711 acc=0.9747 auc=0.9981
[min90/min90_sentetik_2700_per_class_pima/high_signal_features/extra_trees] min=0.9765 acc=0.9774 auc=0.9981
[min90/min90_sentetik_2700_per_class_pima/high_signal_features/gradient_boosting] min=0.9747 acc=0.9747 auc=0.9977
[min90/min90_sentetik_2700_per_class_pima/high_signal_features/hist_gradient_boosting] min=0.9656 acc=0.9720 auc=0.9974
[min90/min90_sentetik_2700_per_class_pima/high_signal_features/adaboost] min=0.9711 acc=0.9756 auc=0.9981
[min90/min90_sentetik_2700_per_class_pima/high_signal_features/mlp] min=0.9656 acc=0.9729 auc=0.9959
[min90/min90_sentetik_2700_per_class_pima/high_signal_features/xgboost] min=0.9729 acc=0.9765 auc=0.9977
[min90/min90_sentetik_2700_per_class_pima/high_signal_features/lightgbm] min=0.9656 acc=0.9756 auc=0.9973
[min90/min90_sentetik_2700_per_class_pima/high_signal_features/soft_voting_rf_et_hgb] min=0.9693 acc=0.9729 auc=0.9980
[min90/min90_sentetik_2700_per_class_pima/high_signal_features/soft_voting_xgb_lgbm_et] min=0.9711 acc=0.9774 auc=0.9979
[min90/min90_sentetik_3000_per_class_pima/all_features/logistic_regression] min=0.9650 acc=0.9747 auc=0.9950
[min90/min90_sentetik_3000_per_class_pima/all_features/gaussian_nb] min=0.9603 acc=0.9731 auc=0.9917
[min90/min90_sentetik_3000_per_class_pima/all_features/knn] min=0.9714 acc=0.9747 auc=0.9915
[min90/min90_sentetik_3000_per_class_pima/all_features/svm_rbf] min=0.9714 acc=0.9739 auc=0.9976
[min90/min90_sentetik_3000_per_class_pima/all_features/random_forest] min=0.9685 acc=0.9747 auc=0.9984
[min90/min90_sentetik_3000_per_class_pima/all_features/extra_trees] min=0.9714 acc=0.9755 auc=0.9984
[min90/min90_sentetik_3000_per_class_pima/all_features/gradient_boosting] min=0.9717 acc=0.9778 auc=0.9976
[min90/min90_sentetik_3000_per_class_pima/all_features/hist_gradient_boosting] min=0.9654 acc=0.9739 auc=0.9967
[min90/min90_sentetik_3000_per_class_pima/all_features/adaboost] min=0.9777 acc=0.9786 auc=0.9963
[min90/min90_sentetik_3000_per_class_pima/all_features/mlp] min=0.9622 acc=0.9739 auc=0.9963
[min90/min90_sentetik_3000_per_class_pima/all_features/xgboost] min=0.9717 acc=0.9771 auc=0.9978
[min90/min90_sentetik_3000_per_class_pima/all_features/lightgbm] min=0.9685 acc=0.9739 auc=0.9976
[min90/min90_sentetik_3000_per_class_pima/all_features/soft_voting_rf_et_hgb] min=0.9669 acc=0.9747 auc=0.9984
[min90/min90_sentetik_3000_per_class_pima/all_features/soft_voting_xgb_lgbm_et] min=0.9748 acc=0.9755 auc=0.9982
[min90/min90_sentetik_3000_per_class_pima/no_skinthickness/logistic_regression] min=0.9666 acc=0.9747 auc=0.9950
[min90/min90_sentetik_3000_per_class_pima/no_skinthickness/gaussian_nb] min=0.9618 acc=0.9739 auc=0.9910
[min90/min90_sentetik_3000_per_class_pima/no_skinthickness/knn] min=0.9762 acc=0.9763 auc=0.9907
[min90/min90_sentetik_3000_per_class_pima/no_skinthickness/svm_rbf] min=0.9717 acc=0.9755 auc=0.9975
[min90/min90_sentetik_3000_per_class_pima/no_skinthickness/random_forest] min=0.9762 acc=0.9771 auc=0.9984
[min90/min90_sentetik_3000_per_class_pima/no_skinthickness/extra_trees] min=0.9748 acc=0.9763 auc=0.9982
[min90/min90_sentetik_3000_per_class_pima/no_skinthickness/gradient_boosting] min=0.9701 acc=0.9778 auc=0.9968
[min90/min90_sentetik_3000_per_class_pima/no_skinthickness/hist_gradient_boosting] min=0.9654 acc=0.9739 auc=0.9968
[min90/min90_sentetik_3000_per_class_pima/no_skinthickness/adaboost] min=0.9717 acc=0.9786 auc=0.9962
[min90/min90_sentetik_3000_per_class_pima/no_skinthickness/mlp] min=0.9793 acc=0.9794 auc=0.9916
[min90/min90_sentetik_3000_per_class_pima/no_skinthickness/xgboost] min=0.9701 acc=0.9747 auc=0.9977
[min90/min90_sentetik_3000_per_class_pima/no_skinthickness/lightgbm] min=0.9717 acc=0.9755 auc=0.9975
[min90/min90_sentetik_3000_per_class_pima/no_skinthickness/soft_voting_rf_et_hgb] min=0.9748 acc=0.9755 auc=0.9983
[min90/min90_sentetik_3000_per_class_pima/no_skinthickness/soft_voting_xgb_lgbm_et] min=0.9698 acc=0.9731 auc=0.9981
[min90/min90_sentetik_3000_per_class_pima/no_insulin/logistic_regression] min=0.9650 acc=0.9739 auc=0.9949
[min90/min90_sentetik_3000_per_class_pima/no_insulin/gaussian_nb] min=0.9618 acc=0.9731 auc=0.9939
[min90/min90_sentetik_3000_per_class_pima/no_insulin/knn] min=0.9654 acc=0.9731 auc=0.9914
[min90/min90_sentetik_3000_per_class_pima/no_insulin/svm_rbf] min=0.9717 acc=0.9747 auc=0.9977
[min90/min90_sentetik_3000_per_class_pima/no_insulin/random_forest] min=0.9732 acc=0.9755 auc=0.9982
[min90/min90_sentetik_3000_per_class_pima/no_insulin/extra_trees] min=0.9732 acc=0.9747 auc=0.9981
[min90/min90_sentetik_3000_per_class_pima/no_insulin/gradient_boosting] min=0.9732 acc=0.9763 auc=0.9971
[min90/min90_sentetik_3000_per_class_pima/no_insulin/hist_gradient_boosting] min=0.9682 acc=0.9723 auc=0.9960
[min90/min90_sentetik_3000_per_class_pima/no_insulin/adaboost] min=0.9777 acc=0.9794 auc=0.9955
[min90/min90_sentetik_3000_per_class_pima/no_insulin/mlp] min=0.9603 acc=0.9660 auc=0.9922
[min90/min90_sentetik_3000_per_class_pima/no_insulin/xgboost] min=0.9717 acc=0.9771 auc=0.9973
[min90/min90_sentetik_3000_per_class_pima/no_insulin/lightgbm] min=0.9669 acc=0.9723 auc=0.9972
[min90/min90_sentetik_3000_per_class_pima/no_insulin/soft_voting_rf_et_hgb] min=0.9746 acc=0.9747 auc=0.9981
[min90/min90_sentetik_3000_per_class_pima/no_insulin/soft_voting_xgb_lgbm_et] min=0.9701 acc=0.9755 auc=0.9978
[min90/min90_sentetik_3000_per_class_pima/no_skinthickness_no_insulin/logistic_regression] min=0.9650 acc=0.9739 auc=0.9949
[min90/min90_sentetik_3000_per_class_pima/no_skinthickness_no_insulin/gaussian_nb] min=0.9634 acc=0.9731 auc=0.9932
[min90/min90_sentetik_3000_per_class_pima/no_skinthickness_no_insulin/knn] min=0.9714 acc=0.9723 auc=0.9906
[min90/min90_sentetik_3000_per_class_pima/no_skinthickness_no_insulin/svm_rbf] min=0.9717 acc=0.9747 auc=0.9971
[min90/min90_sentetik_3000_per_class_pima/no_skinthickness_no_insulin/random_forest] min=0.9732 acc=0.9771 auc=0.9973
[min90/min90_sentetik_3000_per_class_pima/no_skinthickness_no_insulin/extra_trees] min=0.9666 acc=0.9731 auc=0.9977
[min90/min90_sentetik_3000_per_class_pima/no_skinthickness_no_insulin/gradient_boosting] min=0.9685 acc=0.9747 auc=0.9969
[min90/min90_sentetik_3000_per_class_pima/no_skinthickness_no_insulin/hist_gradient_boosting] min=0.9730 acc=0.9739 auc=0.9954
[min90/min90_sentetik_3000_per_class_pima/no_skinthickness_no_insulin/adaboost] min=0.9780 acc=0.9794 auc=0.9955
[min90/min90_sentetik_3000_per_class_pima/no_skinthickness_no_insulin/mlp] min=0.9654 acc=0.9723 auc=0.9940
[min90/min90_sentetik_3000_per_class_pima/no_skinthickness_no_insulin/xgboost] min=0.9714 acc=0.9723 auc=0.9970
[min90/min90_sentetik_3000_per_class_pima/no_skinthickness_no_insulin/lightgbm] min=0.9685 acc=0.9715 auc=0.9968
[min90/min90_sentetik_3000_per_class_pima/no_skinthickness_no_insulin/soft_voting_rf_et_hgb] min=0.9669 acc=0.9715 auc=0.9975
[min90/min90_sentetik_3000_per_class_pima/no_skinthickness_no_insulin/soft_voting_xgb_lgbm_et] min=0.9682 acc=0.9715 auc=0.9972
[min90/min90_sentetik_3000_per_class_pima/clinical_interactions/logistic_regression] min=0.9666 acc=0.9755 auc=0.9950
[min90/min90_sentetik_3000_per_class_pima/clinical_interactions/gaussian_nb] min=0.9650 acc=0.9739 auc=0.9879
[min90/min90_sentetik_3000_per_class_pima/clinical_interactions/knn] min=0.9777 acc=0.9794 auc=0.9941
[min90/min90_sentetik_3000_per_class_pima/clinical_interactions/svm_rbf] min=0.9701 acc=0.9794 auc=0.9964
[min90/min90_sentetik_3000_per_class_pima/clinical_interactions/random_forest] min=0.9717 acc=0.9747 auc=0.9983
[min90/min90_sentetik_3000_per_class_pima/clinical_interactions/extra_trees] min=0.9732 acc=0.9755 auc=0.9983
[min90/min90_sentetik_3000_per_class_pima/clinical_interactions/gradient_boosting] min=0.9777 acc=0.9802 auc=0.9953
[min90/min90_sentetik_3000_per_class_pima/clinical_interactions/hist_gradient_boosting] min=0.9762 acc=0.9763 auc=0.9972
[min90/min90_sentetik_3000_per_class_pima/clinical_interactions/adaboost] min=0.9764 acc=0.9794 auc=0.9968
[min90/min90_sentetik_3000_per_class_pima/clinical_interactions/mlp] min=0.9638 acc=0.9731 auc=0.9939
[min90/min90_sentetik_3000_per_class_pima/clinical_interactions/xgboost] min=0.9701 acc=0.9763 auc=0.9981
[min90/min90_sentetik_3000_per_class_pima/clinical_interactions/lightgbm] min=0.9732 acc=0.9739 auc=0.9980
[min90/min90_sentetik_3000_per_class_pima/clinical_interactions/soft_voting_rf_et_hgb] min=0.9698 acc=0.9747 auc=0.9983
[min90/min90_sentetik_3000_per_class_pima/clinical_interactions/soft_voting_xgb_lgbm_et] min=0.9746 acc=0.9771 auc=0.9983
[min90/min90_sentetik_3000_per_class_pima/no_skinthickness_clinical_interactions/logistic_regression] min=0.9666 acc=0.9739 auc=0.9949
[min90/min90_sentetik_3000_per_class_pima/no_skinthickness_clinical_interactions/gaussian_nb] min=0.9666 acc=0.9747 auc=0.9877
[min90/min90_sentetik_3000_per_class_pima/no_skinthickness_clinical_interactions/knn] min=0.9717 acc=0.9763 auc=0.9932
[min90/min90_sentetik_3000_per_class_pima/no_skinthickness_clinical_interactions/svm_rbf] min=0.9717 acc=0.9802 auc=0.9959
[min90/min90_sentetik_3000_per_class_pima/no_skinthickness_clinical_interactions/random_forest] min=0.9717 acc=0.9755 auc=0.9984
[min90/min90_sentetik_3000_per_class_pima/no_skinthickness_clinical_interactions/extra_trees] min=0.9746 acc=0.9778 auc=0.9983
[min90/min90_sentetik_3000_per_class_pima/no_skinthickness_clinical_interactions/gradient_boosting] min=0.9780 acc=0.9794 auc=0.9961
[min90/min90_sentetik_3000_per_class_pima/no_skinthickness_clinical_interactions/hist_gradient_boosting] min=0.9730 acc=0.9747 auc=0.9973
[min90/min90_sentetik_3000_per_class_pima/no_skinthickness_clinical_interactions/adaboost] min=0.9714 acc=0.9771 auc=0.9967
[min90/min90_sentetik_3000_per_class_pima/no_skinthickness_clinical_interactions/mlp] min=0.9638 acc=0.9691 auc=0.9948
[min90/min90_sentetik_3000_per_class_pima/no_skinthickness_clinical_interactions/xgboost] min=0.9748 acc=0.9755 auc=0.9978
[min90/min90_sentetik_3000_per_class_pima/no_skinthickness_clinical_interactions/lightgbm] min=0.9732 acc=0.9747 auc=0.9976
[min90/min90_sentetik_3000_per_class_pima/no_skinthickness_clinical_interactions/soft_voting_rf_et_hgb] min=0.9698 acc=0.9755 auc=0.9983
[min90/min90_sentetik_3000_per_class_pima/no_skinthickness_clinical_interactions/soft_voting_xgb_lgbm_et] min=0.9730 acc=0.9739 auc=0.9982
[min90/min90_sentetik_3000_per_class_pima/compact_best_features/logistic_regression] min=0.9618 acc=0.9731 auc=0.9948
[min90/min90_sentetik_3000_per_class_pima/compact_best_features/gaussian_nb] min=0.9666 acc=0.9747 auc=0.9927
[min90/min90_sentetik_3000_per_class_pima/compact_best_features/knn] min=0.9714 acc=0.9747 auc=0.9914
[min90/min90_sentetik_3000_per_class_pima/compact_best_features/svm_rbf] min=0.9682 acc=0.9763 auc=0.9968
[min90/min90_sentetik_3000_per_class_pima/compact_best_features/random_forest] min=0.9746 acc=0.9778 auc=0.9971
[min90/min90_sentetik_3000_per_class_pima/compact_best_features/extra_trees] min=0.9764 acc=0.9771 auc=0.9970
[min90/min90_sentetik_3000_per_class_pima/compact_best_features/gradient_boosting] min=0.9762 acc=0.9771 auc=0.9963
[min90/min90_sentetik_3000_per_class_pima/compact_best_features/hist_gradient_boosting] min=0.9717 acc=0.9723 auc=0.9959
[min90/min90_sentetik_3000_per_class_pima/compact_best_features/adaboost] min=0.9811 acc=0.9818 auc=0.9958
[min90/min90_sentetik_3000_per_class_pima/compact_best_features/mlp] min=0.9685 acc=0.9786 auc=0.9968
[min90/min90_sentetik_3000_per_class_pima/compact_best_features/xgboost] min=0.9717 acc=0.9755 auc=0.9968
[min90/min90_sentetik_3000_per_class_pima/compact_best_features/lightgbm] min=0.9732 acc=0.9739 auc=0.9969
[min90/min90_sentetik_3000_per_class_pima/compact_best_features/soft_voting_rf_et_hgb] min=0.9762 acc=0.9763 auc=0.9969
[min90/min90_sentetik_3000_per_class_pima/compact_best_features/soft_voting_xgb_lgbm_et] min=0.9732 acc=0.9755 auc=0.9968
[min90/min90_sentetik_3000_per_class_pima/high_signal_features/logistic_regression] min=0.9682 acc=0.9755 auc=0.9950
[min90/min90_sentetik_3000_per_class_pima/high_signal_features/gaussian_nb] min=0.9618 acc=0.9731 auc=0.9901
[min90/min90_sentetik_3000_per_class_pima/high_signal_features/knn] min=0.9764 acc=0.9810 auc=0.9931
[min90/min90_sentetik_3000_per_class_pima/high_signal_features/svm_rbf] min=0.9762 acc=0.9786 auc=0.9981
[min90/min90_sentetik_3000_per_class_pima/high_signal_features/random_forest] min=0.9732 acc=0.9763 auc=0.9982
[min90/min90_sentetik_3000_per_class_pima/high_signal_features/extra_trees] min=0.9748 acc=0.9771 auc=0.9981
[min90/min90_sentetik_3000_per_class_pima/high_signal_features/gradient_boosting] min=0.9701 acc=0.9786 auc=0.9980
[min90/min90_sentetik_3000_per_class_pima/high_signal_features/hist_gradient_boosting] min=0.9762 acc=0.9763 auc=0.9968
[min90/min90_sentetik_3000_per_class_pima/high_signal_features/adaboost] min=0.9780 acc=0.9786 auc=0.9972
[min90/min90_sentetik_3000_per_class_pima/high_signal_features/mlp] min=0.9748 acc=0.9778 auc=0.9946
[min90/min90_sentetik_3000_per_class_pima/high_signal_features/xgboost] min=0.9748 acc=0.9755 auc=0.9980
[min90/min90_sentetik_3000_per_class_pima/high_signal_features/lightgbm] min=0.9732 acc=0.9755 auc=0.9977
[min90/min90_sentetik_3000_per_class_pima/high_signal_features/soft_voting_rf_et_hgb] min=0.9746 acc=0.9755 auc=0.9982
[min90/min90_sentetik_3000_per_class_pima/high_signal_features/soft_voting_xgb_lgbm_et] min=0.9746 acc=0.9755 auc=0.9981
[min90/min90_sentetik_4000_per_class_pima/all_features/logistic_regression] min=0.9759 acc=0.9816 auc=0.9958
[min90/min90_sentetik_4000_per_class_pima/all_features/gaussian_nb] min=0.9684 acc=0.9791 auc=0.9950
[min90/min90_sentetik_4000_per_class_pima/all_features/random_forest] min=0.9810 acc=0.9823 auc=0.9988
[min90/min90_sentetik_4000_per_class_pima/all_features/extra_trees] min=0.9759 acc=0.9810 auc=0.9988
[min90/min90_sentetik_4000_per_class_pima/all_features/gradient_boosting] min=0.9747 acc=0.9816 auc=0.9963
[min90/min90_sentetik_4000_per_class_pima/all_features/hist_gradient_boosting] min=0.9772 acc=0.9829 auc=0.9980
[min90/min90_sentetik_4000_per_class_pima/all_features/adaboost] min=0.9810 acc=0.9835 auc=0.9973
[min90/min90_sentetik_4000_per_class_pima/all_features/xgboost] min=0.9797 acc=0.9842 auc=0.9980
[min90/min90_sentetik_4000_per_class_pima/all_features/lightgbm] min=0.9722 acc=0.9816 auc=0.9981
[min90/min90_sentetik_4000_per_class_pima/all_features/soft_voting_rf_et_hgb] min=0.9759 acc=0.9804 auc=0.9989
[min90/min90_sentetik_4000_per_class_pima/all_features/soft_voting_xgb_lgbm_et] min=0.9759 acc=0.9829 auc=0.9988
[min90/min90_sentetik_4000_per_class_pima/no_skinthickness/logistic_regression] min=0.9785 acc=0.9804 auc=0.9957
[min90/min90_sentetik_4000_per_class_pima/no_skinthickness/gaussian_nb] min=0.9658 acc=0.9785 auc=0.9947
[min90/min90_sentetik_4000_per_class_pima/no_skinthickness/random_forest] min=0.9772 acc=0.9810 auc=0.9980
[min90/min90_sentetik_4000_per_class_pima/no_skinthickness/extra_trees] min=0.9823 acc=0.9829 auc=0.9985
[min90/min90_sentetik_4000_per_class_pima/no_skinthickness/gradient_boosting] min=0.9671 acc=0.9791 auc=0.9956
[min90/min90_sentetik_4000_per_class_pima/no_skinthickness/hist_gradient_boosting] min=0.9797 acc=0.9829 auc=0.9974
[min90/min90_sentetik_4000_per_class_pima/no_skinthickness/adaboost] min=0.9734 acc=0.9816 auc=0.9970
[min90/min90_sentetik_4000_per_class_pima/no_skinthickness/xgboost] min=0.9772 acc=0.9816 auc=0.9977
[min90/min90_sentetik_4000_per_class_pima/no_skinthickness/lightgbm] min=0.9696 acc=0.9797 auc=0.9978
[min90/min90_sentetik_4000_per_class_pima/no_skinthickness/soft_voting_rf_et_hgb] min=0.9772 acc=0.9810 auc=0.9985
[min90/min90_sentetik_4000_per_class_pima/no_skinthickness/soft_voting_xgb_lgbm_et] min=0.9747 acc=0.9816 auc=0.9985
[min90/min90_sentetik_4000_per_class_pima/no_insulin/logistic_regression] min=0.9772 acc=0.9797 auc=0.9962
[min90/min90_sentetik_4000_per_class_pima/no_insulin/gaussian_nb] min=0.9658 acc=0.9785 auc=0.9964
[min90/min90_sentetik_4000_per_class_pima/no_insulin/random_forest] min=0.9709 acc=0.9797 auc=0.9986
[min90/min90_sentetik_4000_per_class_pima/no_insulin/extra_trees] min=0.9785 acc=0.9816 auc=0.9986
[min90/min90_sentetik_4000_per_class_pima/no_insulin/gradient_boosting] min=0.9785 acc=0.9816 auc=0.9979
[min90/min90_sentetik_4000_per_class_pima/no_insulin/hist_gradient_boosting] min=0.9797 acc=0.9816 auc=0.9977
[min90/min90_sentetik_4000_per_class_pima/no_insulin/adaboost] min=0.9810 acc=0.9835 auc=0.9972
[min90/min90_sentetik_4000_per_class_pima/no_insulin/xgboost] min=0.9785 acc=0.9829 auc=0.9979
[min90/min90_sentetik_4000_per_class_pima/no_insulin/lightgbm] min=0.9772 acc=0.9829 auc=0.9982
[min90/min90_sentetik_4000_per_class_pima/no_insulin/soft_voting_rf_et_hgb] min=0.9785 acc=0.9816 auc=0.9984
[min90/min90_sentetik_4000_per_class_pima/no_insulin/soft_voting_xgb_lgbm_et] min=0.9797 acc=0.9829 auc=0.9981
[min90/min90_sentetik_4000_per_class_pima/no_skinthickness_no_insulin/logistic_regression] min=0.9785 acc=0.9804 auc=0.9961
[min90/min90_sentetik_4000_per_class_pima/no_skinthickness_no_insulin/gaussian_nb] min=0.9696 acc=0.9791 auc=0.9962
[min90/min90_sentetik_4000_per_class_pima/no_skinthickness_no_insulin/random_forest] min=0.9810 acc=0.9816 auc=0.9980
[min90/min90_sentetik_4000_per_class_pima/no_skinthickness_no_insulin/extra_trees] min=0.9797 acc=0.9823 auc=0.9983
[min90/min90_sentetik_4000_per_class_pima/no_skinthickness_no_insulin/gradient_boosting] min=0.9810 acc=0.9829 auc=0.9974
[min90/min90_sentetik_4000_per_class_pima/no_skinthickness_no_insulin/hist_gradient_boosting] min=0.9785 acc=0.9816 auc=0.9975
[min90/min90_sentetik_4000_per_class_pima/no_skinthickness_no_insulin/adaboost] min=0.9797 acc=0.9829 auc=0.9968
[min90/min90_sentetik_4000_per_class_pima/no_skinthickness_no_insulin/xgboost] min=0.9747 acc=0.9810 auc=0.9977
[min90/min90_sentetik_4000_per_class_pima/no_skinthickness_no_insulin/lightgbm] min=0.9797 acc=0.9823 auc=0.9978
[min90/min90_sentetik_4000_per_class_pima/no_skinthickness_no_insulin/soft_voting_rf_et_hgb] min=0.9785 acc=0.9804 auc=0.9984
[min90/min90_sentetik_4000_per_class_pima/no_skinthickness_no_insulin/soft_voting_xgb_lgbm_et] min=0.9797 acc=0.9823 auc=0.9982
[min90/min90_sentetik_4000_per_class_pima/clinical_interactions/logistic_regression] min=0.9772 acc=0.9804 auc=0.9961
[min90/min90_sentetik_4000_per_class_pima/clinical_interactions/gaussian_nb] min=0.9671 acc=0.9785 auc=0.9912
[min90/min90_sentetik_4000_per_class_pima/clinical_interactions/random_forest] min=0.9759 acc=0.9791 auc=0.9976
[min90/min90_sentetik_4000_per_class_pima/clinical_interactions/extra_trees] min=0.9810 acc=0.9816 auc=0.9984
[min90/min90_sentetik_4000_per_class_pima/clinical_interactions/gradient_boosting] min=0.9785 acc=0.9823 auc=0.9967
[min90/min90_sentetik_4000_per_class_pima/clinical_interactions/hist_gradient_boosting] min=0.9722 acc=0.9804 auc=0.9976
[min90/min90_sentetik_4000_per_class_pima/clinical_interactions/adaboost] min=0.9696 acc=0.9791 auc=0.9975
[min90/min90_sentetik_4000_per_class_pima/clinical_interactions/xgboost] min=0.9734 acc=0.9797 auc=0.9979
[min90/min90_sentetik_4000_per_class_pima/clinical_interactions/lightgbm] min=0.9734 acc=0.9810 auc=0.9982
[min90/min90_sentetik_4000_per_class_pima/clinical_interactions/soft_voting_rf_et_hgb] min=0.9734 acc=0.9797 auc=0.9980
[min90/min90_sentetik_4000_per_class_pima/clinical_interactions/soft_voting_xgb_lgbm_et] min=0.9747 acc=0.9804 auc=0.9983
[min90/min90_sentetik_4000_per_class_pima/no_skinthickness_clinical_interactions/logistic_regression] min=0.9797 acc=0.9816 auc=0.9960
[min90/min90_sentetik_4000_per_class_pima/no_skinthickness_clinical_interactions/gaussian_nb] min=0.9658 acc=0.9778 auc=0.9912
[min90/min90_sentetik_4000_per_class_pima/no_skinthickness_clinical_interactions/random_forest] min=0.9759 acc=0.9791 auc=0.9976
[min90/min90_sentetik_4000_per_class_pima/no_skinthickness_clinical_interactions/extra_trees] min=0.9810 acc=0.9816 auc=0.9975
[min90/min90_sentetik_4000_per_class_pima/no_skinthickness_clinical_interactions/gradient_boosting] min=0.9797 acc=0.9823 auc=0.9957
[min90/min90_sentetik_4000_per_class_pima/no_skinthickness_clinical_interactions/hist_gradient_boosting] min=0.9759 acc=0.9804 auc=0.9978
[min90/min90_sentetik_4000_per_class_pima/no_skinthickness_clinical_interactions/adaboost] min=0.9722 acc=0.9804 auc=0.9972
[min90/min90_sentetik_4000_per_class_pima/no_skinthickness_clinical_interactions/xgboost] min=0.9785 acc=0.9816 auc=0.9979
[min90/min90_sentetik_4000_per_class_pima/no_skinthickness_clinical_interactions/lightgbm] min=0.9709 acc=0.9797 auc=0.9981
[min90/min90_sentetik_4000_per_class_pima/no_skinthickness_clinical_interactions/soft_voting_rf_et_hgb] min=0.9759 acc=0.9804 auc=0.9983
[min90/min90_sentetik_4000_per_class_pima/no_skinthickness_clinical_interactions/soft_voting_xgb_lgbm_et] min=0.9772 acc=0.9823 auc=0.9983
[min90/min90_sentetik_4000_per_class_pima/compact_best_features/logistic_regression] min=0.9797 acc=0.9804 auc=0.9960
[min90/min90_sentetik_4000_per_class_pima/compact_best_features/gaussian_nb] min=0.9734 acc=0.9810 auc=0.9960
[min90/min90_sentetik_4000_per_class_pima/compact_best_features/random_forest] min=0.9658 acc=0.9747 auc=0.9967
[min90/min90_sentetik_4000_per_class_pima/compact_best_features/extra_trees] min=0.9734 acc=0.9778 auc=0.9976
[min90/min90_sentetik_4000_per_class_pima/compact_best_features/gradient_boosting] min=0.9747 acc=0.9804 auc=0.9969
[min90/min90_sentetik_4000_per_class_pima/compact_best_features/hist_gradient_boosting] min=0.9797 acc=0.9804 auc=0.9967
[min90/min90_sentetik_4000_per_class_pima/compact_best_features/adaboost] min=0.9810 acc=0.9829 auc=0.9966
[min90/min90_sentetik_4000_per_class_pima/compact_best_features/xgboost] min=0.9772 acc=0.9804 auc=0.9972
[min90/min90_sentetik_4000_per_class_pima/compact_best_features/lightgbm] min=0.9759 acc=0.9791 auc=0.9969
[min90/min90_sentetik_4000_per_class_pima/compact_best_features/soft_voting_rf_et_hgb] min=0.9734 acc=0.9791 auc=0.9975
[min90/min90_sentetik_4000_per_class_pima/compact_best_features/soft_voting_xgb_lgbm_et] min=0.9772 acc=0.9797 auc=0.9977
[min90/min90_sentetik_4000_per_class_pima/high_signal_features/logistic_regression] min=0.9785 acc=0.9804 auc=0.9958
[min90/min90_sentetik_4000_per_class_pima/high_signal_features/gaussian_nb] min=0.9684 acc=0.9791 auc=0.9928
[min90/min90_sentetik_4000_per_class_pima/high_signal_features/random_forest] min=0.9747 acc=0.9804 auc=0.9975
[min90/min90_sentetik_4000_per_class_pima/high_signal_features/extra_trees] min=0.9785 acc=0.9810 auc=0.9974
[min90/min90_sentetik_4000_per_class_pima/high_signal_features/gradient_boosting] min=0.9772 acc=0.9810 auc=0.9964
[min90/min90_sentetik_4000_per_class_pima/high_signal_features/hist_gradient_boosting] min=0.9823 acc=0.9829 auc=0.9974
[min90/min90_sentetik_4000_per_class_pima/high_signal_features/adaboost] min=0.9709 acc=0.9797 auc=0.9971
[min90/min90_sentetik_4000_per_class_pima/high_signal_features/xgboost] min=0.9797 acc=0.9823 auc=0.9976
[min90/min90_sentetik_4000_per_class_pima/high_signal_features/lightgbm] min=0.9759 acc=0.9791 auc=0.9971
[min90/min90_sentetik_4000_per_class_pima/high_signal_features/soft_voting_rf_et_hgb] min=0.9785 acc=0.9810 auc=0.9974
[min90/min90_sentetik_4000_per_class_pima/high_signal_features/soft_voting_xgb_lgbm_et] min=0.9772 acc=0.9810 auc=0.9976
[min90/min90_sentetik_5000_per_class_pima/all_features/logistic_regression] min=0.9865 acc=0.9881 auc=0.9973
[min90/min90_sentetik_5000_per_class_pima/all_features/gaussian_nb] min=0.9761 acc=0.9855 auc=0.9982
[min90/min90_sentetik_5000_per_class_pima/all_features/random_forest] min=0.9875 acc=0.9876 auc=0.9992
[min90/min90_sentetik_5000_per_class_pima/all_features/extra_trees] min=0.9865 acc=0.9871 auc=0.9992
[min90/min90_sentetik_5000_per_class_pima/all_features/gradient_boosting] min=0.9845 acc=0.9865 auc=0.9984
[min90/min90_sentetik_5000_per_class_pima/all_features/hist_gradient_boosting] min=0.9824 acc=0.9855 auc=0.9986
[min90/min90_sentetik_5000_per_class_pima/all_features/adaboost] min=0.9845 acc=0.9850 auc=0.9983
[min90/min90_sentetik_5000_per_class_pima/all_features/xgboost] min=0.9783 acc=0.9834 auc=0.9984
[min90/min90_sentetik_5000_per_class_pima/all_features/lightgbm] min=0.9793 acc=0.9834 auc=0.9988
[min90/min90_sentetik_5000_per_class_pima/all_features/soft_voting_rf_et_hgb] min=0.9835 acc=0.9860 auc=0.9987
[min90/min90_sentetik_5000_per_class_pima/all_features/soft_voting_xgb_lgbm_et] min=0.9793 acc=0.9839 auc=0.9988
[min90/min90_sentetik_5000_per_class_pima/no_skinthickness/logistic_regression] min=0.9865 acc=0.9886 auc=0.9973
[min90/min90_sentetik_5000_per_class_pima/no_skinthickness/gaussian_nb] min=0.9792 acc=0.9871 auc=0.9980
[min90/min90_sentetik_5000_per_class_pima/no_skinthickness/random_forest] min=0.9824 acc=0.9855 auc=0.9987
[min90/min90_sentetik_5000_per_class_pima/no_skinthickness/extra_trees] min=0.9866 acc=0.9871 auc=0.9986
[min90/min90_sentetik_5000_per_class_pima/no_skinthickness/gradient_boosting] min=0.9835 acc=0.9865 auc=0.9980
[min90/min90_sentetik_5000_per_class_pima/no_skinthickness/hist_gradient_boosting] min=0.9855 acc=0.9865 auc=0.9986
[min90/min90_sentetik_5000_per_class_pima/no_skinthickness/adaboost] min=0.9824 acc=0.9850 auc=0.9982
[min90/min90_sentetik_5000_per_class_pima/no_skinthickness/xgboost] min=0.9835 acc=0.9860 auc=0.9985
[min90/min90_sentetik_5000_per_class_pima/no_skinthickness/lightgbm] min=0.9824 acc=0.9850 auc=0.9987
[min90/min90_sentetik_5000_per_class_pima/no_skinthickness/soft_voting_rf_et_hgb] min=0.9835 acc=0.9860 auc=0.9987
[min90/min90_sentetik_5000_per_class_pima/no_skinthickness/soft_voting_xgb_lgbm_et] min=0.9824 acc=0.9855 auc=0.9988
[min90/min90_sentetik_5000_per_class_pima/no_insulin/logistic_regression] min=0.9865 acc=0.9876 auc=0.9974
[min90/min90_sentetik_5000_per_class_pima/no_insulin/gaussian_nb] min=0.9761 acc=0.9850 auc=0.9976
[min90/min90_sentetik_5000_per_class_pima/no_insulin/random_forest] min=0.9824 acc=0.9855 auc=0.9991
[min90/min90_sentetik_5000_per_class_pima/no_insulin/extra_trees] min=0.9866 acc=0.9871 auc=0.9985
[min90/min90_sentetik_5000_per_class_pima/no_insulin/gradient_boosting] min=0.9814 acc=0.9855 auc=0.9982
[min90/min90_sentetik_5000_per_class_pima/no_insulin/hist_gradient_boosting] min=0.9845 acc=0.9860 auc=0.9985
[min90/min90_sentetik_5000_per_class_pima/no_insulin/adaboost] min=0.9824 acc=0.9855 auc=0.9979
[min90/min90_sentetik_5000_per_class_pima/no_insulin/xgboost] min=0.9793 acc=0.9845 auc=0.9982
[min90/min90_sentetik_5000_per_class_pima/no_insulin/lightgbm] min=0.9824 acc=0.9855 auc=0.9986
[min90/min90_sentetik_5000_per_class_pima/no_insulin/soft_voting_rf_et_hgb] min=0.9845 acc=0.9865 auc=0.9989
[min90/min90_sentetik_5000_per_class_pima/no_insulin/soft_voting_xgb_lgbm_et] min=0.9824 acc=0.9850 auc=0.9990
[min90/min90_sentetik_5000_per_class_pima/no_skinthickness_no_insulin/logistic_regression] min=0.9865 acc=0.9886 auc=0.9974
[min90/min90_sentetik_5000_per_class_pima/no_skinthickness_no_insulin/gaussian_nb] min=0.9782 acc=0.9865 auc=0.9976
[min90/min90_sentetik_5000_per_class_pima/no_skinthickness_no_insulin/random_forest] min=0.9866 acc=0.9871 auc=0.9985
[min90/min90_sentetik_5000_per_class_pima/no_skinthickness_no_insulin/extra_trees] min=0.9855 acc=0.9871 auc=0.9979
[min90/min90_sentetik_5000_per_class_pima/no_skinthickness_no_insulin/gradient_boosting] min=0.9845 acc=0.9855 auc=0.9980
[min90/min90_sentetik_5000_per_class_pima/no_skinthickness_no_insulin/hist_gradient_boosting] min=0.9835 acc=0.9855 auc=0.9984
[min90/min90_sentetik_5000_per_class_pima/no_skinthickness_no_insulin/adaboost] min=0.9824 acc=0.9845 auc=0.9980
[min90/min90_sentetik_5000_per_class_pima/no_skinthickness_no_insulin/xgboost] min=0.9824 acc=0.9850 auc=0.9980
[min90/min90_sentetik_5000_per_class_pima/no_skinthickness_no_insulin/lightgbm] min=0.9835 acc=0.9855 auc=0.9984
[min90/min90_sentetik_5000_per_class_pima/no_skinthickness_no_insulin/soft_voting_rf_et_hgb] min=0.9824 acc=0.9855 auc=0.9987
[min90/min90_sentetik_5000_per_class_pima/no_skinthickness_no_insulin/soft_voting_xgb_lgbm_et] min=0.9824 acc=0.9845 auc=0.9987
[min90/min90_sentetik_5000_per_class_pima/clinical_interactions/logistic_regression] min=0.9875 acc=0.9881 auc=0.9972
[min90/min90_sentetik_5000_per_class_pima/clinical_interactions/gaussian_nb] min=0.9792 acc=0.9860 auc=0.9930
[min90/min90_sentetik_5000_per_class_pima/clinical_interactions/random_forest] min=0.9855 acc=0.9860 auc=0.9982
[min90/min90_sentetik_5000_per_class_pima/clinical_interactions/extra_trees] min=0.9866 acc=0.9871 auc=0.9987
[min90/min90_sentetik_5000_per_class_pima/clinical_interactions/gradient_boosting] min=0.9835 acc=0.9845 auc=0.9982
[min90/min90_sentetik_5000_per_class_pima/clinical_interactions/hist_gradient_boosting] min=0.9855 acc=0.9855 auc=0.9989
[min90/min90_sentetik_5000_per_class_pima/clinical_interactions/adaboost] min=0.9855 acc=0.9860 auc=0.9984
[min90/min90_sentetik_5000_per_class_pima/clinical_interactions/xgboost] min=0.9804 acc=0.9845 auc=0.9986
[min90/min90_sentetik_5000_per_class_pima/clinical_interactions/lightgbm] min=0.9824 acc=0.9839 auc=0.9990
[min90/min90_sentetik_5000_per_class_pima/clinical_interactions/soft_voting_rf_et_hgb] min=0.9824 acc=0.9855 auc=0.9991
[min90/min90_sentetik_5000_per_class_pima/clinical_interactions/soft_voting_xgb_lgbm_et] min=0.9783 acc=0.9829 auc=0.9991
[min90/min90_sentetik_5000_per_class_pima/no_skinthickness_clinical_interactions/logistic_regression] min=0.9876 acc=0.9881 auc=0.9973
[min90/min90_sentetik_5000_per_class_pima/no_skinthickness_clinical_interactions/gaussian_nb] min=0.9782 acc=0.9855 auc=0.9935
[min90/min90_sentetik_5000_per_class_pima/no_skinthickness_clinical_interactions/random_forest] min=0.9865 acc=0.9871 auc=0.9982
[min90/min90_sentetik_5000_per_class_pima/no_skinthickness_clinical_interactions/extra_trees] min=0.9875 acc=0.9876 auc=0.9990
[min90/min90_sentetik_5000_per_class_pima/no_skinthickness_clinical_interactions/gradient_boosting] min=0.9855 acc=0.9855 auc=0.9975
[min90/min90_sentetik_5000_per_class_pima/no_skinthickness_clinical_interactions/hist_gradient_boosting] min=0.9855 acc=0.9865 auc=0.9988
[min90/min90_sentetik_5000_per_class_pima/no_skinthickness_clinical_interactions/adaboost] min=0.9834 acc=0.9865 auc=0.9985
[min90/min90_sentetik_5000_per_class_pima/no_skinthickness_clinical_interactions/xgboost] min=0.9824 acc=0.9839 auc=0.9986
[min90/min90_sentetik_5000_per_class_pima/no_skinthickness_clinical_interactions/lightgbm] min=0.9824 acc=0.9834 auc=0.9989
[min90/min90_sentetik_5000_per_class_pima/no_skinthickness_clinical_interactions/soft_voting_rf_et_hgb] min=0.9835 acc=0.9855 auc=0.9986
[min90/min90_sentetik_5000_per_class_pima/no_skinthickness_clinical_interactions/soft_voting_xgb_lgbm_et] min=0.9804 acc=0.9834 auc=0.9988
[min90/min90_sentetik_5000_per_class_pima/compact_best_features/logistic_regression] min=0.9875 acc=0.9891 auc=0.9973
[min90/min90_sentetik_5000_per_class_pima/compact_best_features/gaussian_nb] min=0.9803 acc=0.9839 auc=0.9970
[min90/min90_sentetik_5000_per_class_pima/compact_best_features/random_forest] min=0.9855 acc=0.9871 auc=0.9983
[min90/min90_sentetik_5000_per_class_pima/compact_best_features/extra_trees] min=0.9813 acc=0.9839 auc=0.9979
[min90/min90_sentetik_5000_per_class_pima/compact_best_features/gradient_boosting] min=0.9855 acc=0.9860 auc=0.9968
[min90/min90_sentetik_5000_per_class_pima/compact_best_features/hist_gradient_boosting] min=0.9845 acc=0.9855 auc=0.9976
[min90/min90_sentetik_5000_per_class_pima/compact_best_features/adaboost] min=0.9834 acc=0.9850 auc=0.9978
[min90/min90_sentetik_5000_per_class_pima/compact_best_features/xgboost] min=0.9835 acc=0.9855 auc=0.9979
[min90/min90_sentetik_5000_per_class_pima/compact_best_features/lightgbm] min=0.9834 acc=0.9839 auc=0.9982
[min90/min90_sentetik_5000_per_class_pima/compact_best_features/soft_voting_rf_et_hgb] min=0.9855 acc=0.9865 auc=0.9982
[min90/min90_sentetik_5000_per_class_pima/compact_best_features/soft_voting_xgb_lgbm_et] min=0.9855 acc=0.9855 auc=0.9981
[min90/min90_sentetik_5000_per_class_pima/high_signal_features/logistic_regression] min=0.9865 acc=0.9881 auc=0.9973
[min90/min90_sentetik_5000_per_class_pima/high_signal_features/gaussian_nb] min=0.9803 acc=0.9886 auc=0.9965
[min90/min90_sentetik_5000_per_class_pima/high_signal_features/random_forest] min=0.9773 acc=0.9834 auc=0.9981
[min90/min90_sentetik_5000_per_class_pima/high_signal_features/extra_trees] min=0.9865 acc=0.9871 auc=0.9990
[min90/min90_sentetik_5000_per_class_pima/high_signal_features/gradient_boosting] min=0.9845 acc=0.9855 auc=0.9981
[min90/min90_sentetik_5000_per_class_pima/high_signal_features/hist_gradient_boosting] min=0.9834 acc=0.9850 auc=0.9989
[min90/min90_sentetik_5000_per_class_pima/high_signal_features/adaboost] min=0.9823 acc=0.9845 auc=0.9985
[min90/min90_sentetik_5000_per_class_pima/high_signal_features/xgboost] min=0.9793 acc=0.9839 auc=0.9986
[min90/min90_sentetik_5000_per_class_pima/high_signal_features/lightgbm] min=0.9814 acc=0.9845 auc=0.9989
[min90/min90_sentetik_5000_per_class_pima/high_signal_features/soft_voting_rf_et_hgb] min=0.9824 acc=0.9855 auc=0.9988
[min90/min90_sentetik_5000_per_class_pima/high_signal_features/soft_voting_xgb_lgbm_et] min=0.9793 acc=0.9834 auc=0.9989
[min90/min90_sentetik_7500_per_class_pima/all_features/logistic_regression] min=0.9892 acc=0.9896 auc=0.9978
[min90/min90_sentetik_7500_per_class_pima/all_features/gaussian_nb] min=0.9765 acc=0.9862 auc=0.9960
[min90/min90_sentetik_7500_per_class_pima/all_features/random_forest] min=0.9886 acc=0.9899 auc=0.9995
[min90/min90_sentetik_7500_per_class_pima/all_features/extra_trees] min=0.9892 acc=0.9902 auc=0.9992
[min90/min90_sentetik_7500_per_class_pima/all_features/gradient_boosting] min=0.9892 acc=0.9906 auc=0.9981
[min90/min90_sentetik_7500_per_class_pima/all_features/hist_gradient_boosting] min=0.9879 acc=0.9902 auc=0.9985
[min90/min90_sentetik_7500_per_class_pima/all_features/adaboost] min=0.9866 acc=0.9902 auc=0.9987
[min90/min90_sentetik_7500_per_class_pima/all_features/xgboost] min=0.9886 acc=0.9906 auc=0.9990
[min90/min90_sentetik_7500_per_class_pima/all_features/lightgbm] min=0.9879 acc=0.9906 auc=0.9992
[min90/min90_sentetik_7500_per_class_pima/no_skinthickness/logistic_regression] min=0.9879 acc=0.9889 auc=0.9978
[min90/min90_sentetik_7500_per_class_pima/no_skinthickness/gaussian_nb] min=0.9758 acc=0.9862 auc=0.9964
[min90/min90_sentetik_7500_per_class_pima/no_skinthickness/random_forest] min=0.9872 acc=0.9892 auc=0.9992
[min90/min90_sentetik_7500_per_class_pima/no_skinthickness/extra_trees] min=0.9818 acc=0.9869 auc=0.9991
[min90/min90_sentetik_7500_per_class_pima/no_skinthickness/gradient_boosting] min=0.9866 acc=0.9902 auc=0.9979
[min90/min90_sentetik_7500_per_class_pima/no_skinthickness/hist_gradient_boosting] min=0.9859 acc=0.9896 auc=0.9985
[min90/min90_sentetik_7500_per_class_pima/no_skinthickness/adaboost] min=0.9818 acc=0.9882 auc=0.9985
[min90/min90_sentetik_7500_per_class_pima/no_skinthickness/xgboost] min=0.9852 acc=0.9892 auc=0.9988
[min90/min90_sentetik_7500_per_class_pima/no_skinthickness/lightgbm] min=0.9832 acc=0.9882 auc=0.9989
[min90/min90_sentetik_7500_per_class_pima/no_insulin/logistic_regression] min=0.9879 acc=0.9889 auc=0.9981
[min90/min90_sentetik_7500_per_class_pima/no_insulin/gaussian_nb] min=0.9785 acc=0.9869 auc=0.9978
[min90/min90_sentetik_7500_per_class_pima/no_insulin/random_forest] min=0.9852 acc=0.9889 auc=0.9991
[min90/min90_sentetik_7500_per_class_pima/no_insulin/extra_trees] min=0.9866 acc=0.9889 auc=0.9991
[min90/min90_sentetik_7500_per_class_pima/no_insulin/gradient_boosting] min=0.9859 acc=0.9889 auc=0.9987
[min90/min90_sentetik_7500_per_class_pima/no_insulin/hist_gradient_boosting] min=0.9879 acc=0.9896 auc=0.9984
[min90/min90_sentetik_7500_per_class_pima/no_insulin/adaboost] min=0.9839 acc=0.9889 auc=0.9986
[min90/min90_sentetik_7500_per_class_pima/no_insulin/xgboost] min=0.9886 acc=0.9896 auc=0.9990
[min90/min90_sentetik_7500_per_class_pima/no_insulin/lightgbm] min=0.9859 acc=0.9896 auc=0.9991
[min90/min90_sentetik_7500_per_class_pima/no_skinthickness_no_insulin/logistic_regression] min=0.9886 acc=0.9892 auc=0.9981
[min90/min90_sentetik_7500_per_class_pima/no_skinthickness_no_insulin/gaussian_nb] min=0.9805 acc=0.9875 auc=0.9980
[min90/min90_sentetik_7500_per_class_pima/no_skinthickness_no_insulin/random_forest] min=0.9845 acc=0.9882 auc=0.9988
[min90/min90_sentetik_7500_per_class_pima/no_skinthickness_no_insulin/extra_trees] min=0.9825 acc=0.9879 auc=0.9988
[min90/min90_sentetik_7500_per_class_pima/no_skinthickness_no_insulin/gradient_boosting] min=0.9859 acc=0.9889 auc=0.9985
[min90/min90_sentetik_7500_per_class_pima/no_skinthickness_no_insulin/hist_gradient_boosting] min=0.9859 acc=0.9889 auc=0.9983
[min90/min90_sentetik_7500_per_class_pima/no_skinthickness_no_insulin/adaboost] min=0.9792 acc=0.9862 auc=0.9983
[min90/min90_sentetik_7500_per_class_pima/no_skinthickness_no_insulin/xgboost] min=0.9852 acc=0.9889 auc=0.9987
[min90/min90_sentetik_7500_per_class_pima/no_skinthickness_no_insulin/lightgbm] min=0.9845 acc=0.9889 auc=0.9988
[min90/min90_sentetik_7500_per_class_pima/clinical_interactions/logistic_regression] min=0.9839 acc=0.9879 auc=0.9980
[min90/min90_sentetik_7500_per_class_pima/clinical_interactions/gaussian_nb] min=0.9758 acc=0.9852 auc=0.9924
[min90/min90_sentetik_7500_per_class_pima/clinical_interactions/random_forest] min=0.9845 acc=0.9889 auc=0.9992
[min90/min90_sentetik_7500_per_class_pima/clinical_interactions/extra_trees] min=0.9866 acc=0.9886 auc=0.9989
[min90/min90_sentetik_7500_per_class_pima/clinical_interactions/gradient_boosting] min=0.9859 acc=0.9889 auc=0.9983
[min90/min90_sentetik_7500_per_class_pima/clinical_interactions/hist_gradient_boosting] min=0.9866 acc=0.9886 auc=0.9986
[min90/min90_sentetik_7500_per_class_pima/clinical_interactions/adaboost] min=0.9798 acc=0.9869 auc=0.9987
[min90/min90_sentetik_7500_per_class_pima/clinical_interactions/xgboost] min=0.9879 acc=0.9889 auc=0.9991
[min90/min90_sentetik_7500_per_class_pima/clinical_interactions/lightgbm] min=0.9818 acc=0.9869 auc=0.9991
[min90/min90_sentetik_7500_per_class_pima/no_skinthickness_clinical_interactions/logistic_regression] min=0.9879 acc=0.9892 auc=0.9979
[min90/min90_sentetik_7500_per_class_pima/no_skinthickness_clinical_interactions/gaussian_nb] min=0.9744 acc=0.9852 auc=0.9924
[min90/min90_sentetik_7500_per_class_pima/no_skinthickness_clinical_interactions/random_forest] min=0.9859 acc=0.9886 auc=0.9989
[min90/min90_sentetik_7500_per_class_pima/no_skinthickness_clinical_interactions/extra_trees] min=0.9872 acc=0.9892 auc=0.9992
[min90/min90_sentetik_7500_per_class_pima/no_skinthickness_clinical_interactions/gradient_boosting] min=0.9845 acc=0.9886 auc=0.9979
[min90/min90_sentetik_7500_per_class_pima/no_skinthickness_clinical_interactions/hist_gradient_boosting] min=0.9885 acc=0.9889 auc=0.9986
[min90/min90_sentetik_7500_per_class_pima/no_skinthickness_clinical_interactions/adaboost] min=0.9798 acc=0.9869 auc=0.9986
[min90/min90_sentetik_7500_per_class_pima/no_skinthickness_clinical_interactions/xgboost] min=0.9825 acc=0.9869 auc=0.9989
[min90/min90_sentetik_7500_per_class_pima/no_skinthickness_clinical_interactions/lightgbm] min=0.9812 acc=0.9869 auc=0.9990
[min90/min90_sentetik_7500_per_class_pima/compact_best_features/logistic_regression] min=0.9886 acc=0.9892 auc=0.9980
[min90/min90_sentetik_7500_per_class_pima/compact_best_features/gaussian_nb] min=0.9832 acc=0.9886 auc=0.9978
[min90/min90_sentetik_7500_per_class_pima/compact_best_features/random_forest] min=0.9839 acc=0.9875 auc=0.9983
[min90/min90_sentetik_7500_per_class_pima/compact_best_features/extra_trees] min=0.9832 acc=0.9875 auc=0.9989
[min90/min90_sentetik_7500_per_class_pima/compact_best_features/gradient_boosting] min=0.9879 acc=0.9896 auc=0.9984
[min90/min90_sentetik_7500_per_class_pima/compact_best_features/hist_gradient_boosting] min=0.9751 acc=0.9835 auc=0.9985
[min90/min90_sentetik_7500_per_class_pima/compact_best_features/adaboost] min=0.9832 acc=0.9879 auc=0.9981
[min90/min90_sentetik_7500_per_class_pima/compact_best_features/xgboost] min=0.9832 acc=0.9875 auc=0.9983
[min90/min90_sentetik_7500_per_class_pima/compact_best_features/lightgbm] min=0.9825 acc=0.9869 auc=0.9984
[min90/min90_sentetik_7500_per_class_pima/high_signal_features/logistic_regression] min=0.9879 acc=0.9892 auc=0.9978
[min90/min90_sentetik_7500_per_class_pima/high_signal_features/gaussian_nb] min=0.9744 acc=0.9855 auc=0.9940
[min90/min90_sentetik_7500_per_class_pima/high_signal_features/random_forest] min=0.9859 acc=0.9882 auc=0.9995
[min90/min90_sentetik_7500_per_class_pima/high_signal_features/extra_trees] min=0.9899 acc=0.9902 auc=0.9989
[min90/min90_sentetik_7500_per_class_pima/high_signal_features/gradient_boosting] min=0.9872 acc=0.9896 auc=0.9986
[min90/min90_sentetik_7500_per_class_pima/high_signal_features/hist_gradient_boosting] min=0.9892 acc=0.9896 auc=0.9988
[min90/min90_sentetik_7500_per_class_pima/high_signal_features/adaboost] min=0.9886 acc=0.9902 auc=0.9984
[min90/min90_sentetik_7500_per_class_pima/high_signal_features/xgboost] min=0.9852 acc=0.9886 auc=0.9987
[min90/min90_sentetik_7500_per_class_pima/high_signal_features/lightgbm] min=0.9872 acc=0.9896 auc=0.9987
[min90/min90_sentetik_10000_per_class_pima/all_features/logistic_regression] min=0.9882 acc=0.9926 auc=0.9994
[min90/min90_sentetik_10000_per_class_pima/all_features/gaussian_nb] min=0.9901 acc=0.9921 auc=0.9987
[min90/min90_sentetik_10000_per_class_pima/all_features/random_forest] min=0.9892 acc=0.9936 auc=0.9996
[min90/min90_sentetik_10000_per_class_pima/all_features/extra_trees] min=0.9892 acc=0.9929 auc=0.9995
[min90/min90_sentetik_10000_per_class_pima/all_features/gradient_boosting] min=0.9907 acc=0.9924 auc=0.9988
[min90/min90_sentetik_10000_per_class_pima/all_features/hist_gradient_boosting] min=0.9897 acc=0.9936 auc=0.9997
[min90/min90_sentetik_10000_per_class_pima/all_features/adaboost] min=0.9902 acc=0.9926 auc=0.9997
[min90/min90_sentetik_10000_per_class_pima/all_features/xgboost] min=0.9897 acc=0.9924 auc=0.9997
[min90/min90_sentetik_10000_per_class_pima/all_features/lightgbm] min=0.9907 acc=0.9929 auc=0.9997
[min90/min90_sentetik_10000_per_class_pima/no_skinthickness/logistic_regression] min=0.9892 acc=0.9936 auc=0.9996
[min90/min90_sentetik_10000_per_class_pima/no_skinthickness/gaussian_nb] min=0.9916 acc=0.9926 auc=0.9990
[min90/min90_sentetik_10000_per_class_pima/no_skinthickness/random_forest] min=0.9892 acc=0.9931 auc=0.9998
[min90/min90_sentetik_10000_per_class_pima/no_skinthickness/extra_trees] min=0.9887 acc=0.9931 auc=0.9998
[min90/min90_sentetik_10000_per_class_pima/no_skinthickness/gradient_boosting] min=0.9902 acc=0.9931 auc=0.9991
[min90/min90_sentetik_10000_per_class_pima/no_skinthickness/hist_gradient_boosting] min=0.9917 acc=0.9929 auc=0.9996
[min90/min90_sentetik_10000_per_class_pima/no_skinthickness/adaboost] min=0.9892 acc=0.9929 auc=0.9997
[min90/min90_sentetik_10000_per_class_pima/no_skinthickness/xgboost] min=0.9902 acc=0.9926 auc=0.9997
[min90/min90_sentetik_10000_per_class_pima/no_skinthickness/lightgbm] min=0.9907 acc=0.9934 auc=0.9997
[min90/min90_sentetik_10000_per_class_pima/no_insulin/logistic_regression] min=0.9902 acc=0.9938 auc=0.9995
[min90/min90_sentetik_10000_per_class_pima/no_insulin/gaussian_nb] min=0.9911 acc=0.9924 auc=0.9990
[min90/min90_sentetik_10000_per_class_pima/no_insulin/random_forest] min=0.9892 acc=0.9934 auc=0.9997
[min90/min90_sentetik_10000_per_class_pima/no_insulin/extra_trees] min=0.9892 acc=0.9931 auc=0.9994
[min90/min90_sentetik_10000_per_class_pima/no_insulin/gradient_boosting] min=0.9868 acc=0.9919 auc=0.9995
[min90/min90_sentetik_10000_per_class_pima/no_insulin/hist_gradient_boosting] min=0.9907 acc=0.9941 auc=0.9993
[min90/min90_sentetik_10000_per_class_pima/no_insulin/adaboost] min=0.9887 acc=0.9934 auc=0.9995
[min90/min90_sentetik_10000_per_class_pima/no_insulin/xgboost] min=0.9892 acc=0.9934 auc=0.9996
[min90/min90_sentetik_10000_per_class_pima/no_insulin/lightgbm] min=0.9873 acc=0.9929 auc=0.9996
[min90/min90_sentetik_10000_per_class_pima/no_skinthickness_no_insulin/logistic_regression] min=0.9902 acc=0.9938 auc=0.9997
[min90/min90_sentetik_10000_per_class_pima/no_skinthickness_no_insulin/gaussian_nb] min=0.9921 acc=0.9926 auc=0.9992
[min90/min90_sentetik_10000_per_class_pima/no_skinthickness_no_insulin/random_forest] min=0.9882 acc=0.9929 auc=0.9997
[min90/min90_sentetik_10000_per_class_pima/no_skinthickness_no_insulin/extra_trees] min=0.9897 acc=0.9931 auc=0.9997
[min90/min90_sentetik_10000_per_class_pima/no_skinthickness_no_insulin/gradient_boosting] min=0.9907 acc=0.9934 auc=0.9996
[min90/min90_sentetik_10000_per_class_pima/no_skinthickness_no_insulin/hist_gradient_boosting] min=0.9902 acc=0.9931 auc=0.9995
[min90/min90_sentetik_10000_per_class_pima/no_skinthickness_no_insulin/adaboost] min=0.9902 acc=0.9936 auc=0.9995
[min90/min90_sentetik_10000_per_class_pima/no_skinthickness_no_insulin/xgboost] min=0.9907 acc=0.9934 auc=0.9996
[min90/min90_sentetik_10000_per_class_pima/no_skinthickness_no_insulin/lightgbm] min=0.9897 acc=0.9929 auc=0.9995
[min90/min90_sentetik_10000_per_class_pima/clinical_interactions/logistic_regression] min=0.9887 acc=0.9929 auc=0.9995
[min90/min90_sentetik_10000_per_class_pima/clinical_interactions/gaussian_nb] min=0.9911 acc=0.9926 auc=0.9973
[min90/min90_sentetik_10000_per_class_pima/clinical_interactions/random_forest] min=0.9907 acc=0.9934 auc=0.9998
[min90/min90_sentetik_10000_per_class_pima/clinical_interactions/extra_trees] min=0.9892 acc=0.9938 auc=0.9998
[min90/min90_sentetik_10000_per_class_pima/clinical_interactions/gradient_boosting] min=0.9902 acc=0.9929 auc=0.9997
[min90/min90_sentetik_10000_per_class_pima/clinical_interactions/hist_gradient_boosting] min=0.9892 acc=0.9926 auc=0.9998
[min90/min90_sentetik_10000_per_class_pima/clinical_interactions/adaboost] min=0.9868 acc=0.9916 auc=0.9996
[min90/min90_sentetik_10000_per_class_pima/clinical_interactions/xgboost] min=0.9917 acc=0.9919 auc=0.9997
[min90/min90_sentetik_10000_per_class_pima/clinical_interactions/lightgbm] min=0.9892 acc=0.9929 auc=0.9998
[min90/min90_sentetik_10000_per_class_pima/no_skinthickness_clinical_interactions/logistic_regression] min=0.9907 acc=0.9941 auc=0.9996
[min90/min90_sentetik_10000_per_class_pima/no_skinthickness_clinical_interactions/gaussian_nb] min=0.9916 acc=0.9926 auc=0.9974
[min90/min90_sentetik_10000_per_class_pima/no_skinthickness_clinical_interactions/random_forest] min=0.9912 acc=0.9934 auc=0.9998
[min90/min90_sentetik_10000_per_class_pima/no_skinthickness_clinical_interactions/extra_trees] min=0.9892 acc=0.9938 auc=0.9998
[min90/min90_sentetik_10000_per_class_pima/no_skinthickness_clinical_interactions/gradient_boosting] min=0.9877 acc=0.9921 auc=0.9988
[min90/min90_sentetik_10000_per_class_pima/no_skinthickness_clinical_interactions/hist_gradient_boosting] min=0.9917 acc=0.9938 auc=0.9997
[min90/min90_sentetik_10000_per_class_pima/no_skinthickness_clinical_interactions/adaboost] min=0.9907 acc=0.9934 auc=0.9996
[min90/min90_sentetik_10000_per_class_pima/no_skinthickness_clinical_interactions/xgboost] min=0.9902 acc=0.9929 auc=0.9997
[min90/min90_sentetik_10000_per_class_pima/no_skinthickness_clinical_interactions/lightgbm] min=0.9907 acc=0.9936 auc=0.9997
[min90/min90_sentetik_10000_per_class_pima/compact_best_features/logistic_regression] min=0.9902 acc=0.9934 auc=0.9995
[min90/min90_sentetik_10000_per_class_pima/compact_best_features/gaussian_nb] min=0.9922 acc=0.9929 auc=0.9988
[min90/min90_sentetik_10000_per_class_pima/compact_best_features/random_forest] min=0.9877 acc=0.9921 auc=0.9990
[min90/min90_sentetik_10000_per_class_pima/compact_best_features/extra_trees] min=0.9868 acc=0.9919 auc=0.9989
[min90/min90_sentetik_10000_per_class_pima/compact_best_features/gradient_boosting] min=0.9887 acc=0.9926 auc=0.9991
[min90/min90_sentetik_10000_per_class_pima/compact_best_features/hist_gradient_boosting] min=0.9887 acc=0.9916 auc=0.9992
[min90/min90_sentetik_10000_per_class_pima/compact_best_features/adaboost] min=0.9897 acc=0.9936 auc=0.9995
[min90/min90_sentetik_10000_per_class_pima/compact_best_features/xgboost] min=0.9917 acc=0.9936 auc=0.9995
[min90/min90_sentetik_10000_per_class_pima/compact_best_features/lightgbm] min=0.9897 acc=0.9924 auc=0.9994
[min90/min90_sentetik_10000_per_class_pima/high_signal_features/logistic_regression] min=0.9887 acc=0.9931 auc=0.9996
[min90/min90_sentetik_10000_per_class_pima/high_signal_features/gaussian_nb] min=0.9906 acc=0.9924 auc=0.9988
[min90/min90_sentetik_10000_per_class_pima/high_signal_features/random_forest] min=0.9897 acc=0.9929 auc=0.9998
[min90/min90_sentetik_10000_per_class_pima/high_signal_features/extra_trees] min=0.9892 acc=0.9941 auc=0.9996
[min90/min90_sentetik_10000_per_class_pima/high_signal_features/gradient_boosting] min=0.9882 acc=0.9926 auc=0.9997
[min90/min90_sentetik_10000_per_class_pima/high_signal_features/hist_gradient_boosting] min=0.9907 acc=0.9926 auc=0.9997
[min90/min90_sentetik_10000_per_class_pima/high_signal_features/adaboost] min=0.9877 acc=0.9916 auc=0.9997
[min90/min90_sentetik_10000_per_class_pima/high_signal_features/xgboost] min=0.9907 acc=0.9936 auc=0.9998
[min90/min90_sentetik_10000_per_class_pima/high_signal_features/lightgbm] min=0.9907 acc=0.9934 auc=0.9997
[min90] group CV basladi
[min90-cv/min90_sentetik_2500_per_class_pima/all_features/soft_voting_xgb_lgbm_et] min=0.9620 acc=0.9690±0.0060
[min90-cv/min90_sentetik_2500_per_class_pima/all_features/xgboost] min=0.9624 acc=0.9696±0.0062
[min90-cv/min90_sentetik_2700_per_class_pima/all_features/lightgbm] min=0.9571 acc=0.9672±0.0064
[min90-cv/min90_sentetik_2700_per_class_pima/no_skinthickness_no_insulin/hist_gradient_boosting] min=0.9556 acc=0.9672±0.0057
[min90-cv/min90_sentetik_3000_per_class_pima/compact_best_features/adaboost] min=0.9713 acc=0.9757±0.0050
[min90-cv/min90_sentetik_3000_per_class_pima/no_skinthickness/mlp] min=0.9684 acc=0.9737±0.0041
[min90-cv/min90_sentetik_4000_per_class_pima/no_skinthickness/extra_trees] min=0.9765 acc=0.9812±0.0037
[min90-cv/min90_sentetik_4000_per_class_pima/high_signal_features/hist_gradient_boosting] min=0.9735 acc=0.9802±0.0041
[min90-cv/min90_sentetik_5000_per_class_pima/no_skinthickness_clinical_interactions/logistic_regression] min=0.9798 acc=0.9845±0.0046
[min90-cv/min90_sentetik_5000_per_class_pima/all_features/random_forest] min=0.9804 acc=0.9849±0.0035
[min90-cv/min90_sentetik_7500_per_class_pima/high_signal_features/extra_trees] min=0.9872 acc=0.9895±0.0020
[min90-cv/min90_sentetik_7500_per_class_pima/all_features/gradient_boosting] min=0.9862 acc=0.9892±0.0026
[min90-cv/min90_sentetik_10000_per_class_pima/compact_best_features/gaussian_nb] min=0.9894 acc=0.9915±0.0006
[min90-cv/min90_sentetik_10000_per_class_pima/no_skinthickness_no_insulin/gaussian_nb] min=0.9886 acc=0.9916±0.0014
[min90-cv/min90_sentetik_10000_per_class_pima/no_skinthickness/hist_gradient_boosting] min=0.9908 acc=0.9928±0.0016
[min90-cv/min90_sentetik_10000_per_class_pima/clinical_interactions/xgboost] min=0.9908 acc=0.9923±0.0016
[min90-cv/min90_sentetik_10000_per_class_pima/no_skinthickness_clinical_interactions/hist_gradient_boosting] min=0.9903 acc=0.9921±0.0021
[min90-cv/min90_sentetik_10000_per_class_pima/compact_best_features/xgboost] min=0.9902 acc=0.9917±0.0012
[min90-cv/min90_sentetik_10000_per_class_pima/no_skinthickness/gaussian_nb] min=0.9871 acc=0.9911±0.0005
[min90-cv/min90_sentetik_10000_per_class_pima/no_skinthickness_clinical_interactions/gaussian_nb] min=0.9876 acc=0.9912±0.0006
[min90-cv/min90_sentetik_10000_per_class_pima/no_skinthickness_clinical_interactions/random_forest] min=0.9911 acc=0.9922±0.0010
[min90-cv/min90_sentetik_10000_per_class_pima/no_insulin/gaussian_nb] min=0.9884 acc=0.9917±0.0010

=== MIN90 FINAL OZET ===
- Ana hedef: PIMA + source_id kontrollu sentetik benchmarkta min ana metrik >= 0.90
- En iyi PIMA + sentetik benchmark adayı: min90_sentetik_2500_per_class_pima
- Veri boyutu: 2500 per class
- Model: soft_voting_xgb_lgbm_et
- Feature set: all_features
- Preprocessing: tree_models_no_scaler
- Resampling: none
- Threshold: 0.52
- Synthetic Holdout Accuracy: 0.9677
- Synthetic Holdout Precision: 0.9686
- Synthetic Holdout Recall: 0.9667
- Synthetic Holdout Specificity: 0.9687
- Synthetic Holdout F1: 0.9677
- Synthetic Holdout ROC-AUC: 0.9962
- Synthetic Holdout min ana metrik: 0.9667
- Synthetic Group CV Accuracy mean ± std: 0.9690 ± 0.0060
- Synthetic Group CV Precision mean ± std: 0.9645 ± 0.0103
- Synthetic Group CV Recall mean ± std: 0.9740 ± 0.0060
- Synthetic Group CV Specificity mean ± std: 0.9640 ± 0.0108
- Synthetic Group CV F1 mean ± std: 0.9692 ± 0.0059
- Synthetic Group CV ROC-AUC mean ± std: 0.9967 ± 0.0017
- Synthetic Group CV min ana metrik mean ± std: 0.9620 ± 0.0067
- Original external holdout Accuracy: 0.7338
- Original external holdout F1: 0.6019
- Original external holdout ROC-AUC: 0.8167
- Leakage durumu: clean
- Train/test source_id kesişimi: 0
- CV source_id kesişimi: 0
- Exact duplicate: 0
- Near duplicate oranı: 0.0
- Minimum mesafe: 0.16721105173019227
- Yeni Word raporu yolu: /Users/beratkaanseven/Desktop/VSCoding/Diyabet_Projesi_ML_Deneme/diyabet_risk_tahmini/makine_ogrenmesi/raporlar/pima_sentetik_benchmark_min90_final_rapor.docx
- Masaüstü Word raporu yolu: /Users/beratkaanseven/Desktop/PIMA_Sentetik_Benchmark_Min90_Final_Rapor.docx
- Minimum 0.90 hedefi yakalandı mı: Evet
- Hedef yakalandıysa hangi benchmarkta yakalandı: min90_sentetik_2500_per_class_pima
- Hedef yakalanmadıysa hangi metrikler altında kaldı: Holdout tarafında yok
- Neden bu model seçildi: selection_score=0.9714, leakage-clean ve CV ile doğrulanmış aday.
- XGBoost seçilmediyse neden seçilmedi: Daha yüksek selection_score veren model bulundu
- 10000/per class sonucu final seçilmediyse neden seçilmedi: Daha küçük adaylar hedefe yakın/geçer durumdaysa savunulabilirlik önceliklendirildi.
{
  "final_dataset": "min90_sentetik_2500_per_class_pima",
  "final_model": "soft_voting_xgb_lgbm_et",
  "final_feature_set": "all_features",
  "synthetic_holdout_min_main_metric": 0.9667318982387475,
  "synthetic_cv_min_main_metric_mean": 0.9619661971830986,
  "word_report": "",
  "desktop_word_report": ""
}
